#! /c/iverilog/bin/vvp
:ivl_version "0.9.5 " "(v0_9_5)";
:vpi_time_precision + 0;
:vpi_module "system";
:vpi_module "v2005_math";
:vpi_module "va_math";
S_005C98D8 .scope module, "Exemplo0041" "Exemplo0041" 2 16;
 .timescale 0 0;
v00B4B358_0 .net "clk", 0 0, v00B4A238_0; 1 drivers
S_005C99E8 .scope module, "CLK1" "clock" 2 18, 2 4, S_005C98D8;
 .timescale 0 0;
v00B4A238_0 .var "clk", 0 0;
S_005C9960 .scope module, "Exemplo0043" "Exemplo0043" 3 52;
 .timescale 0 0;
v00B4E3A0_0 .net "clock", 0 0, v00B4E2E0_0; 1 drivers
v00B43DF8_0 .net "p1", 0 0, v00B4E7A8_0; 1 drivers
v00B43E50_0 .net "p2", 0 0, v00B4E6F8_0; 1 drivers
v00B43EA8_0 .net "p3", 0 0, v00B4F340_0; 1 drivers
v00B42FE8_0 .net "p4", 0 0, v00B4D880_0; 1 drivers
S_005C9C90 .scope module, "clk" "clock" 3 54, 2 4, S_005C9960;
 .timescale 0 0;
v00B4E2E0_0 .var "clk", 0 0;
S_005C9C08 .scope module, "pls1" "pulse1" 3 56, 3 5, S_005C9960;
 .timescale 0 0;
v00B4E750_0 .alias "clock", 0 0, v00B4E3A0_0;
v00B4E7A8_0 .var "signal", 0 0;
S_005C9B80 .scope module, "pls2" "pulse2" 3 57, 3 19, S_005C9960;
 .timescale 0 0;
v00B4F398_0 .alias "clock", 0 0, v00B4E3A0_0;
v00B4E6F8_0 .var "signal", 0 0;
E_00B49DF0 .event posedge, v00B4D828_0;
S_005C9AF8 .scope module, "pls3" "pulse3" 3 58, 3 29, S_005C9960;
 .timescale 0 0;
v00B4F2E8_0 .alias "clock", 0 0, v00B4E3A0_0;
v00B4F340_0 .var "signal", 0 0;
S_005C9A70 .scope module, "pls4" "pulse4" 3 59, 3 40, S_005C9960;
 .timescale 0 0;
v00B4D828_0 .alias "clock", 0 0, v00B4E3A0_0;
v00B4D880_0 .var "signal", 0 0;
E_00B49B50 .event negedge, v00B4D828_0;
    .scope S_005C99E8;
T_0 ;
    %set/v v00B4A238_0, 0, 1;
    %end;
    .thread T_0;
    .scope S_005C99E8;
T_1 ;
    %delay 12, 0;
    %load/v 8, v00B4A238_0, 1;
    %inv 8, 1;
    %set/v v00B4A238_0, 8, 1;
    %jmp T_1;
    .thread T_1;
    .scope S_005C98D8;
T_2 ;
    %delay 120, 0;
    %vpi_call 2 22 "$finish";
    %end;
    .thread T_2;
    .scope S_005C9C90;
T_3 ;
    %set/v v00B4E2E0_0, 0, 1;
    %end;
    .thread T_3;
    .scope S_005C9C90;
T_4 ;
    %delay 12, 0;
    %load/v 8, v00B4E2E0_0, 1;
    %inv 8, 1;
    %set/v v00B4E2E0_0, 8, 1;
    %jmp T_4;
    .thread T_4;
    .scope S_005C9C08;
T_5 ;
    %wait E_00B49DF0;
    %set/v v00B4E7A8_0, 1, 1;
    %delay 4, 0;
    %set/v v00B4E7A8_0, 0, 1;
    %delay 4, 0;
    %set/v v00B4E7A8_0, 1, 1;
    %delay 4, 0;
    %set/v v00B4E7A8_0, 0, 1;
    %delay 4, 0;
    %set/v v00B4E7A8_0, 1, 1;
    %delay 4, 0;
    %set/v v00B4E7A8_0, 0, 1;
    %jmp T_5;
    .thread T_5;
    .scope S_005C9B80;
T_6 ;
    %wait E_00B49DF0;
    %set/v v00B4E6F8_0, 1, 1;
    %delay 5, 0;
    %set/v v00B4E6F8_0, 0, 1;
    %jmp T_6;
    .thread T_6;
    .scope S_005C9AF8;
T_7 ;
    %wait E_00B49B50;
    %set/v v00B4F340_0, 1, 1;
    %delay 15, 0;
    %set/v v00B4F340_0, 0, 1;
    %delay 15, 0;
    %set/v v00B4F340_0, 1, 1;
    %jmp T_7;
    .thread T_7;
    .scope S_005C9A70;
T_8 ;
    %wait E_00B49B50;
    %set/v v00B4D880_0, 1, 1;
    %delay 20, 0;
    %set/v v00B4D880_0, 0, 1;
    %delay 20, 0;
    %set/v v00B4D880_0, 1, 1;
    %delay 20, 0;
    %set/v v00B4D880_0, 0, 1;
    %jmp T_8;
    .thread T_8;
    .scope S_005C9960;
T_9 ;
    %vpi_call 3 61 "$dumpfile", " Exemplo0043.vcd";
    %vpi_call 3 62 "$dumpvars", 2'sb01, v00B4E3A0_0, v00B43DF8_0, v00B43E50_0, v00B43EA8_0, v00B42FE8_0;
    %delay 480, 0;
    %vpi_call 3 63 "$finish";
    %end;
    .thread T_9;
# The file index is used to find the file name in the following table.
:file_names 4;
    "N/A";
    "<interactive>";
    "./clock.v";
    "Exemplo0043.v";
