#! /c/iverilog/bin/vvp
:ivl_version "0.9.5 " "(v0_9_5)";
:vpi_time_precision + 0;
:vpi_module "system";
:vpi_module "v2005_math";
:vpi_module "va_math";
S_005FD350 .scope module, "teste" "teste" 2 12;
 .timescale 0 0;
v0063F418_0 .var "adr", 1 0;
v0063F470_0 .net "clok", 0 0, v0063F3C0_0; 1 drivers
v0063F4C8_0 .var "clr", 0 0;
v0063F520_0 .var "in", 7 0;
v0063F578_0 .var "rw", 0 0;
RS_00605444 .resolv tri, L_00644C80, L_00644E38, C4<zzzzzzzz>, C4<zzzzzzzz>;
v0063F5D0_0 .net8 "s", 7 0, RS_00605444; 2 drivers
S_005FE4D8 .scope module, "clk" "clock" 2 13, 3 1, S_005FD350;
 .timescale 0 0;
v0063F3C0_0 .var "clk", 0 0;
S_005FD2C8 .scope module, "r1" "ram4x8" 2 18, 4 14, S_005FD350;
 .timescale 0 0;
v0063EBA8_0 .net *"_s12", 3 0, C4<0000>; 1 drivers
v0063EC00_0 .net *"_s21", 3 0, C4<0000>; 1 drivers
v0063EC58_0 .net *"_s3", 3 0, C4<0000>; 1 drivers
v0063ECB0_0 .net *"_s30", 3 0, C4<0000>; 1 drivers
v0063ED08_0 .net *"_s39", 3 0, C4<0000>; 1 drivers
v0063ED60_0 .net *"_s48", 3 0, C4<0000>; 1 drivers
v0063EDB8_0 .net *"_s57", 3 0, C4<0000>; 1 drivers
v0063EE10_0 .net *"_s66", 3 0, C4<0000>; 1 drivers
v0063EE68_0 .net "adr", 1 0, v0063F418_0; 1 drivers
v0063EEC0_0 .alias "clk", 0 0, v0063F470_0;
v0063EF18_0 .net "clr", 0 0, v0063F4C8_0; 1 drivers
v0063EF70_0 .net "data", 7 0, v0063F520_0; 1 drivers
v0063EFC8_0 .net "dmx", 3 0, v0063EAF8_0; 1 drivers
v0063F020_0 .net "rw", 0 0, v0063F578_0; 1 drivers
v0063F078_0 .alias "s", 7 0, v0063F5D0_0;
v0063F0D0_0 .net "stmp0", 7 0, L_0063FBA8; 1 drivers
v0063F128_0 .net "stmp1", 7 0, L_00641260; 1 drivers
v0063F1B0_0 .net "stmp2", 7 0, L_006418E8; 1 drivers
v0063F208_0 .net "stmp3", 7 0, L_00641F70; 1 drivers
v0063F260_0 .net "stmp4", 7 0, L_00642E28; 1 drivers
v0063F2B8_0 .net "stmp5", 7 0, L_006434B0; 1 drivers
v0063F310_0 .net "stmp6", 7 0, L_006444F0; 1 drivers
v0063F368_0 .net "stmp7", 7 0, L_00644B78; 1 drivers
L_0063FBA8 .concat [ 4 4 0 0], v0063EAA0_0, C4<0000>;
L_0063FC00 .part v0063EAF8_0, 0, 1;
L_0063FC58 .part v0063F520_0, 0, 4;
L_00641260 .concat [ 4 4 0 0], v0063DAB0_0, C4<0000>;
L_006412B8 .part v0063EAF8_0, 1, 1;
L_00641310 .part v0063F520_0, 0, 4;
L_006418E8 .concat [ 4 4 0 0], v00639DC8_0, C4<0000>;
L_00641940 .part v0063EAF8_0, 2, 1;
L_00641998 .part v0063F520_0, 0, 4;
L_00641F70 .concat [ 4 4 0 0], v00639110_0, C4<0000>;
L_00641FC8 .part v0063EAF8_0, 3, 1;
L_00642020 .part v0063F520_0, 0, 4;
L_00642E28 .concat [ 4 4 0 0], v00638428_0, C4<0000>;
L_00642E80 .part v0063EAF8_0, 0, 1;
L_00642ED8 .part v0063F520_0, 4, 4;
L_006434B0 .concat [ 4 4 0 0], v00637740_0, C4<0000>;
L_00643508 .part v0063EAF8_0, 1, 1;
L_00643560 .part v0063F520_0, 4, 4;
L_006444F0 .concat [ 4 4 0 0], v00636A58_0, C4<0000>;
L_00644548 .part v0063EAF8_0, 2, 1;
L_006445A0 .part v0063F520_0, 4, 4;
L_00644B78 .concat [ 4 4 0 0], v00635970_0, C4<0000>;
L_00644BD0 .part v0063EAF8_0, 3, 1;
L_00644C28 .part v0063F520_0, 4, 4;
L_00644C80 .part/pv v00634C60_0, 0, 4, 8;
L_00644CD8 .part L_0063FBA8, 0, 4;
L_00644D30 .part L_00641260, 0, 4;
L_00644D88 .part L_006418E8, 0, 4;
L_00644DE0 .part L_00641F70, 0, 4;
L_00644E38 .part/pv v005E2ED8_0, 4, 4, 8;
L_00644E90 .part L_00642E28, 0, 4;
L_00644EE8 .part L_006434B0, 0, 4;
L_00644F40 .part L_006444F0, 0, 4;
L_00644F98 .part L_00644B78, 0, 4;
S_005FE450 .scope module, "dm1" "demux" 4 27, 5 10, S_005FD2C8;
 .timescale 0 0;
v0063EAF8_0 .var "s", 3 0;
v0063EB50_0 .alias "selec", 1 0, v0063EE68_0;
E_00600480 .event edge, v00634AA8_0;
S_005FE1A8 .scope module, "r1" "ram1x4" 4 29, 6 10, S_005FD2C8;
 .timescale 0 0;
L_005CA878 .functor AND 1, L_0063FC00, v0063F3C0_0, v0063F578_0, C4<1>;
L_005CA840 .functor NOT 1, L_0063F730, C4<0>, C4<0>, C4<0>;
L_005CA958 .functor NOT 1, L_0063F890, C4<0>, C4<0>, C4<0>;
L_005E08B8 .functor NOT 1, L_0063F9F0, C4<0>, C4<0>, C4<0>;
L_005CA9C8 .functor NOT 1, L_0063FB50, C4<0>, C4<0>, C4<0>;
v0063E680_0 .net *"_s18", 0 0, L_0063F890; 1 drivers
v0063E6D8_0 .net *"_s28", 0 0, L_0063F9F0; 1 drivers
v0063E730_0 .net *"_s38", 0 0, L_0063FB50; 1 drivers
v0063E788_0 .net *"_s8", 0 0, L_0063F730; 1 drivers
v0063E7E0_0 .net "adr", 0 0, L_0063FC00; 1 drivers
v0063E838_0 .alias "clk", 0 0, v0063F470_0;
v0063E890_0 .net "clock", 0 0, L_005CA878; 1 drivers
v0063E8E8_0 .alias "clr", 0 0, v0063EF18_0;
v0063E940_0 .net "data", 3 0, L_0063FC58; 1 drivers
RS_0060530C .resolv tri, L_0063F628, L_0063F788, L_0063F8E8, L_0063FA48;
v0063E998_0 .net8 "q", 3 0, RS_0060530C; 4 drivers
RS_00605324 .resolv tri, L_0063F680, L_0063F7E0, L_0063F940, L_0063FAA0;
v0063E9F0_0 .net8 "qnot", 3 0, RS_00605324; 4 drivers
v0063EA48_0 .alias "rw", 0 0, v0063F020_0;
v0063EAA0_0 .var "s", 3 0;
E_006006C0 .event edge, v0063DB08_0;
L_0063F628 .part/pv v0063E5D0_0, 0, 1, 4;
L_0063F680 .part/pv v0063E628_0, 0, 1, 4;
L_0063F6D8 .part L_0063FC58, 0, 1;
L_0063F730 .part L_0063FC58, 0, 1;
L_0063F788 .part/pv v0063E3C0_0, 1, 1, 4;
L_0063F7E0 .part/pv v0063E418_0, 1, 1, 4;
L_0063F838 .part L_0063FC58, 1, 1;
L_0063F890 .part L_0063FC58, 1, 1;
L_0063F8E8 .part/pv v0063E1B0_0, 2, 1, 4;
L_0063F940 .part/pv v0063E208_0, 2, 1, 4;
L_0063F998 .part L_0063FC58, 2, 1;
L_0063F9F0 .part L_0063FC58, 2, 1;
L_0063FA48 .part/pv v0063DC68_0, 3, 1, 4;
L_0063FAA0 .part/pv v0063DCC0_0, 3, 1, 4;
L_0063FAF8 .part L_0063FC58, 3, 1;
L_0063FB50 .part L_0063FC58, 3, 1;
S_005FE3C8 .scope module, "j1" "jkff" 6 17, 7 1, S_005FE1A8;
 .timescale 0 0;
v0063E470_0 .alias "clk", 0 0, v0063E890_0;
v0063E4C8_0 .alias "clr", 0 0, v0063EF18_0;
v0063E520_0 .net "j", 0 0, L_0063F6D8; 1 drivers
v0063E578_0 .net "k", 0 0, L_005CA840; 1 drivers
v0063E5D0_0 .var "q", 0 0;
v0063E628_0 .var "qnot", 0 0;
S_005FE340 .scope module, "j2" "jkff" 6 18, 7 1, S_005FE1A8;
 .timescale 0 0;
v0063E260_0 .alias "clk", 0 0, v0063E890_0;
v0063E2B8_0 .alias "clr", 0 0, v0063EF18_0;
v0063E310_0 .net "j", 0 0, L_0063F838; 1 drivers
v0063E368_0 .net "k", 0 0, L_005CA958; 1 drivers
v0063E3C0_0 .var "q", 0 0;
v0063E418_0 .var "qnot", 0 0;
S_005FE2B8 .scope module, "j3" "jkff" 6 19, 7 1, S_005FE1A8;
 .timescale 0 0;
v0063DD18_0 .alias "clk", 0 0, v0063E890_0;
v0063DD70_0 .alias "clr", 0 0, v0063EF18_0;
v0063DDC8_0 .net "j", 0 0, L_0063F998; 1 drivers
v0063DE20_0 .net "k", 0 0, L_005E08B8; 1 drivers
v0063E1B0_0 .var "q", 0 0;
v0063E208_0 .var "qnot", 0 0;
S_005FE230 .scope module, "j4" "jkff" 6 20, 7 1, S_005FE1A8;
 .timescale 0 0;
v0063DB08_0 .alias "clk", 0 0, v0063E890_0;
v0063DB60_0 .alias "clr", 0 0, v0063EF18_0;
v0063DBB8_0 .net "j", 0 0, L_0063FAF8; 1 drivers
v0063DC10_0 .net "k", 0 0, L_005CA9C8; 1 drivers
v0063DC68_0 .var "q", 0 0;
v0063DCC0_0 .var "qnot", 0 0;
E_006007C0 .event posedge, v0063DB08_0;
S_005FDF00 .scope module, "r2" "ram1x4" 4 30, 6 10, S_005FD2C8;
 .timescale 0 0;
L_005E0AE8 .functor AND 1, L_006412B8, v0063F3C0_0, v0063F578_0, C4<1>;
L_005E0BC8 .functor NOT 1, L_0063FDB8, C4<0>, C4<0>, C4<0>;
L_005E0B20 .functor NOT 1, L_0063FF18, C4<0>, C4<0>, C4<0>;
L_005E0D50 .functor NOT 1, L_00640078, C4<0>, C4<0>, C4<0>;
L_005E0CE0 .functor NOT 1, L_00641208, C4<0>, C4<0>, C4<0>;
v0063D690_0 .net *"_s18", 0 0, L_0063FF18; 1 drivers
v0063D6E8_0 .net *"_s28", 0 0, L_00640078; 1 drivers
v0063D740_0 .net *"_s38", 0 0, L_00641208; 1 drivers
v0063D798_0 .net *"_s8", 0 0, L_0063FDB8; 1 drivers
v0063D7F0_0 .net "adr", 0 0, L_006412B8; 1 drivers
v0063D848_0 .alias "clk", 0 0, v0063F470_0;
v0063D8A0_0 .net "clock", 0 0, L_005E0AE8; 1 drivers
v0063D8F8_0 .alias "clr", 0 0, v0063EF18_0;
v0063D950_0 .net "data", 3 0, L_00641310; 1 drivers
RS_0060509C .resolv tri, L_0063FCB0, L_0063FE10, L_0063FF70, L_006400D0;
v0063D9A8_0 .net8 "q", 3 0, RS_0060509C; 4 drivers
RS_006050B4 .resolv tri, L_0063FD08, L_0063FE68, L_0063FFC8, L_00640128;
v0063DA00_0 .net8 "qnot", 3 0, RS_006050B4; 4 drivers
v0063DA58_0 .alias "rw", 0 0, v0063F020_0;
v0063DAB0_0 .var "s", 3 0;
E_006007A0 .event edge, v00639E20_0;
L_0063FCB0 .part/pv v0063D5E0_0, 0, 1, 4;
L_0063FD08 .part/pv v0063D638_0, 0, 1, 4;
L_0063FD60 .part L_00641310, 0, 1;
L_0063FDB8 .part L_00641310, 0, 1;
L_0063FE10 .part/pv v0063D3D0_0, 1, 1, 4;
L_0063FE68 .part/pv v0063D428_0, 1, 1, 4;
L_0063FEC0 .part L_00641310, 1, 1;
L_0063FF18 .part L_00641310, 1, 1;
L_0063FF70 .part/pv v0063D1C0_0, 2, 1, 4;
L_0063FFC8 .part/pv v0063D218_0, 2, 1, 4;
L_00640020 .part L_00641310, 2, 1;
L_00640078 .part L_00641310, 2, 1;
L_006400D0 .part/pv v0063CFB0_0, 3, 1, 4;
L_00640128 .part/pv v0063D008_0, 3, 1, 4;
L_006411B0 .part L_00641310, 3, 1;
L_00641208 .part L_00641310, 3, 1;
S_005FE120 .scope module, "j1" "jkff" 6 17, 7 1, S_005FDF00;
 .timescale 0 0;
v0063D480_0 .alias "clk", 0 0, v0063D8A0_0;
v0063D4D8_0 .alias "clr", 0 0, v0063EF18_0;
v0063D530_0 .net "j", 0 0, L_0063FD60; 1 drivers
v0063D588_0 .net "k", 0 0, L_005E0BC8; 1 drivers
v0063D5E0_0 .var "q", 0 0;
v0063D638_0 .var "qnot", 0 0;
S_005FE098 .scope module, "j2" "jkff" 6 18, 7 1, S_005FDF00;
 .timescale 0 0;
v0063D270_0 .alias "clk", 0 0, v0063D8A0_0;
v0063D2C8_0 .alias "clr", 0 0, v0063EF18_0;
v0063D320_0 .net "j", 0 0, L_0063FEC0; 1 drivers
v0063D378_0 .net "k", 0 0, L_005E0B20; 1 drivers
v0063D3D0_0 .var "q", 0 0;
v0063D428_0 .var "qnot", 0 0;
S_005FE010 .scope module, "j3" "jkff" 6 19, 7 1, S_005FDF00;
 .timescale 0 0;
v0063D060_0 .alias "clk", 0 0, v0063D8A0_0;
v0063D0B8_0 .alias "clr", 0 0, v0063EF18_0;
v0063D110_0 .net "j", 0 0, L_00640020; 1 drivers
v0063D168_0 .net "k", 0 0, L_005E0D50; 1 drivers
v0063D1C0_0 .var "q", 0 0;
v0063D218_0 .var "qnot", 0 0;
S_005FDF88 .scope module, "j4" "jkff" 6 20, 7 1, S_005FDF00;
 .timescale 0 0;
v00639E20_0 .alias "clk", 0 0, v0063D8A0_0;
v0063CEA8_0 .alias "clr", 0 0, v0063EF18_0;
v0063CF00_0 .net "j", 0 0, L_006411B0; 1 drivers
v0063CF58_0 .net "k", 0 0, L_005E0CE0; 1 drivers
v0063CFB0_0 .var "q", 0 0;
v0063D008_0 .var "qnot", 0 0;
E_00600800 .event posedge, v00639E20_0;
S_005FDC58 .scope module, "r3" "ram1x4" 4 31, 6 10, S_005FD2C8;
 .timescale 0 0;
L_005E0F80 .functor AND 1, L_00641940, v0063F3C0_0, v0063F578_0, C4<1>;
L_006421B0 .functor NOT 1, L_00641470, C4<0>, C4<0>, C4<0>;
L_005E0FF0 .functor NOT 1, L_006415D0, C4<0>, C4<0>, C4<0>;
L_006422C8 .functor NOT 1, L_00641730, C4<0>, C4<0>, C4<0>;
L_00642258 .functor NOT 1, L_00641890, C4<0>, C4<0>, C4<0>;
v006399A8_0 .net *"_s18", 0 0, L_006415D0; 1 drivers
v00639A00_0 .net *"_s28", 0 0, L_00641730; 1 drivers
v00639A58_0 .net *"_s38", 0 0, L_00641890; 1 drivers
v00639AB0_0 .net *"_s8", 0 0, L_00641470; 1 drivers
v00639B08_0 .net "adr", 0 0, L_00641940; 1 drivers
v00639B60_0 .alias "clk", 0 0, v0063F470_0;
v00639BB8_0 .net "clock", 0 0, L_005E0F80; 1 drivers
v00639C10_0 .alias "clr", 0 0, v0063EF18_0;
v00639C68_0 .net "data", 3 0, L_00641998; 1 drivers
RS_00604E2C .resolv tri, L_00641368, L_006414C8, L_00641628, L_00641788;
v00639CC0_0 .net8 "q", 3 0, RS_00604E2C; 4 drivers
RS_00604E44 .resolv tri, L_006413C0, L_00641520, L_00641680, L_006417E0;
v00639D18_0 .net8 "qnot", 3 0, RS_00604E44; 4 drivers
v00639D70_0 .alias "rw", 0 0, v0063F020_0;
v00639DC8_0 .var "s", 3 0;
E_005D6630 .event edge, v00639168_0;
L_00641368 .part/pv v006398F8_0, 0, 1, 4;
L_006413C0 .part/pv v00639950_0, 0, 1, 4;
L_00641418 .part L_00641998, 0, 1;
L_00641470 .part L_00641998, 0, 1;
L_006414C8 .part/pv v006396E8_0, 1, 1, 4;
L_00641520 .part/pv v00639740_0, 1, 1, 4;
L_00641578 .part L_00641998, 1, 1;
L_006415D0 .part L_00641998, 1, 1;
L_00641628 .part/pv v006394D8_0, 2, 1, 4;
L_00641680 .part/pv v00639530_0, 2, 1, 4;
L_006416D8 .part L_00641998, 2, 1;
L_00641730 .part L_00641998, 2, 1;
L_00641788 .part/pv v006392C8_0, 3, 1, 4;
L_006417E0 .part/pv v00639320_0, 3, 1, 4;
L_00641838 .part L_00641998, 3, 1;
L_00641890 .part L_00641998, 3, 1;
S_005FDE78 .scope module, "j1" "jkff" 6 17, 7 1, S_005FDC58;
 .timescale 0 0;
v00639798_0 .alias "clk", 0 0, v00639BB8_0;
v006397F0_0 .alias "clr", 0 0, v0063EF18_0;
v00639848_0 .net "j", 0 0, L_00641418; 1 drivers
v006398A0_0 .net "k", 0 0, L_006421B0; 1 drivers
v006398F8_0 .var "q", 0 0;
v00639950_0 .var "qnot", 0 0;
S_005FDDF0 .scope module, "j2" "jkff" 6 18, 7 1, S_005FDC58;
 .timescale 0 0;
v00639588_0 .alias "clk", 0 0, v00639BB8_0;
v006395E0_0 .alias "clr", 0 0, v0063EF18_0;
v00639638_0 .net "j", 0 0, L_00641578; 1 drivers
v00639690_0 .net "k", 0 0, L_005E0FF0; 1 drivers
v006396E8_0 .var "q", 0 0;
v00639740_0 .var "qnot", 0 0;
S_005FDD68 .scope module, "j3" "jkff" 6 19, 7 1, S_005FDC58;
 .timescale 0 0;
v00639378_0 .alias "clk", 0 0, v00639BB8_0;
v006393D0_0 .alias "clr", 0 0, v0063EF18_0;
v00639428_0 .net "j", 0 0, L_006416D8; 1 drivers
v00639480_0 .net "k", 0 0, L_006422C8; 1 drivers
v006394D8_0 .var "q", 0 0;
v00639530_0 .var "qnot", 0 0;
S_005FDCE0 .scope module, "j4" "jkff" 6 20, 7 1, S_005FDC58;
 .timescale 0 0;
v00639168_0 .alias "clk", 0 0, v00639BB8_0;
v006391C0_0 .alias "clr", 0 0, v0063EF18_0;
v00639218_0 .net "j", 0 0, L_00641838; 1 drivers
v00639270_0 .net "k", 0 0, L_00642258; 1 drivers
v006392C8_0 .var "q", 0 0;
v00639320_0 .var "qnot", 0 0;
E_005D6710 .event posedge, v00639168_0;
S_005FD9B0 .scope module, "r4" "ram1x4" 4 32, 6 10, S_005FD2C8;
 .timescale 0 0;
L_005E0AB0 .functor AND 1, L_00641FC8, v0063F3C0_0, v0063F578_0, C4<1>;
L_006423A8 .functor NOT 1, L_00641AF8, C4<0>, C4<0>, C4<0>;
L_005E0A08 .functor NOT 1, L_00641C58, C4<0>, C4<0>, C4<0>;
L_006424C0 .functor NOT 1, L_00641DB8, C4<0>, C4<0>, C4<0>;
L_00642450 .functor NOT 1, L_00641F18, C4<0>, C4<0>, C4<0>;
v00638CC0_0 .net *"_s18", 0 0, L_00641C58; 1 drivers
v00638D18_0 .net *"_s28", 0 0, L_00641DB8; 1 drivers
v00638D70_0 .net *"_s38", 0 0, L_00641F18; 1 drivers
v00638DC8_0 .net *"_s8", 0 0, L_00641AF8; 1 drivers
v00638E20_0 .net "adr", 0 0, L_00641FC8; 1 drivers
v00638EA8_0 .alias "clk", 0 0, v0063F470_0;
v00638F00_0 .net "clock", 0 0, L_005E0AB0; 1 drivers
v00638F58_0 .alias "clr", 0 0, v0063EF18_0;
v00638FB0_0 .net "data", 3 0, L_00642020; 1 drivers
RS_00604BBC .resolv tri, L_006419F0, L_00641B50, L_00641CB0, L_00641E10;
v00639008_0 .net8 "q", 3 0, RS_00604BBC; 4 drivers
RS_00604BD4 .resolv tri, L_00641A48, L_00641BA8, L_00641D08, L_00641E68;
v00639060_0 .net8 "qnot", 3 0, RS_00604BD4; 4 drivers
v006390B8_0 .alias "rw", 0 0, v0063F020_0;
v00639110_0 .var "s", 3 0;
E_005D68B0 .event edge, v00638480_0;
L_006419F0 .part/pv v00638C10_0, 0, 1, 4;
L_00641A48 .part/pv v00638C68_0, 0, 1, 4;
L_00641AA0 .part L_00642020, 0, 1;
L_00641AF8 .part L_00642020, 0, 1;
L_00641B50 .part/pv v00638A00_0, 1, 1, 4;
L_00641BA8 .part/pv v00638A58_0, 1, 1, 4;
L_00641C00 .part L_00642020, 1, 1;
L_00641C58 .part L_00642020, 1, 1;
L_00641CB0 .part/pv v006387F0_0, 2, 1, 4;
L_00641D08 .part/pv v00638848_0, 2, 1, 4;
L_00641D60 .part L_00642020, 2, 1;
L_00641DB8 .part L_00642020, 2, 1;
L_00641E10 .part/pv v006385E0_0, 3, 1, 4;
L_00641E68 .part/pv v00638638_0, 3, 1, 4;
L_00641EC0 .part L_00642020, 3, 1;
L_00641F18 .part L_00642020, 3, 1;
S_005FDBD0 .scope module, "j1" "jkff" 6 17, 7 1, S_005FD9B0;
 .timescale 0 0;
v00638AB0_0 .alias "clk", 0 0, v00638F00_0;
v00638B08_0 .alias "clr", 0 0, v0063EF18_0;
v00638B60_0 .net "j", 0 0, L_00641AA0; 1 drivers
v00638BB8_0 .net "k", 0 0, L_006423A8; 1 drivers
v00638C10_0 .var "q", 0 0;
v00638C68_0 .var "qnot", 0 0;
S_005FDB48 .scope module, "j2" "jkff" 6 18, 7 1, S_005FD9B0;
 .timescale 0 0;
v006388A0_0 .alias "clk", 0 0, v00638F00_0;
v006388F8_0 .alias "clr", 0 0, v0063EF18_0;
v00638950_0 .net "j", 0 0, L_00641C00; 1 drivers
v006389A8_0 .net "k", 0 0, L_005E0A08; 1 drivers
v00638A00_0 .var "q", 0 0;
v00638A58_0 .var "qnot", 0 0;
S_005FDAC0 .scope module, "j3" "jkff" 6 19, 7 1, S_005FD9B0;
 .timescale 0 0;
v00638690_0 .alias "clk", 0 0, v00638F00_0;
v006386E8_0 .alias "clr", 0 0, v0063EF18_0;
v00638740_0 .net "j", 0 0, L_00641D60; 1 drivers
v00638798_0 .net "k", 0 0, L_006424C0; 1 drivers
v006387F0_0 .var "q", 0 0;
v00638848_0 .var "qnot", 0 0;
S_005FDA38 .scope module, "j4" "jkff" 6 20, 7 1, S_005FD9B0;
 .timescale 0 0;
v00638480_0 .alias "clk", 0 0, v00638F00_0;
v006384D8_0 .alias "clr", 0 0, v0063EF18_0;
v00638530_0 .net "j", 0 0, L_00641EC0; 1 drivers
v00638588_0 .net "k", 0 0, L_00642450; 1 drivers
v006385E0_0 .var "q", 0 0;
v00638638_0 .var "qnot", 0 0;
E_005D6CD0 .event posedge, v00638480_0;
S_005FD708 .scope module, "r5" "ram1x4" 4 33, 6 10, S_005FD2C8;
 .timescale 0 0;
L_006425A0 .functor AND 1, L_00642E80, v0063F3C0_0, v0063F578_0, C4<1>;
L_00642648 .functor NOT 1, L_006429B0, C4<0>, C4<0>, C4<0>;
L_00642610 .functor NOT 1, L_00642B10, C4<0>, C4<0>, C4<0>;
L_00642760 .functor NOT 1, L_00642C70, C4<0>, C4<0>, C4<0>;
L_006426F0 .functor NOT 1, L_00642DD0, C4<0>, C4<0>, C4<0>;
v00638008_0 .net *"_s18", 0 0, L_00642B10; 1 drivers
v00638060_0 .net *"_s28", 0 0, L_00642C70; 1 drivers
v006380B8_0 .net *"_s38", 0 0, L_00642DD0; 1 drivers
v00638110_0 .net *"_s8", 0 0, L_006429B0; 1 drivers
v00638168_0 .net "adr", 0 0, L_00642E80; 1 drivers
v006381C0_0 .alias "clk", 0 0, v0063F470_0;
v00638218_0 .net "clock", 0 0, L_006425A0; 1 drivers
v00638270_0 .alias "clr", 0 0, v0063EF18_0;
v006382C8_0 .net "data", 3 0, L_00642ED8; 1 drivers
RS_0060494C .resolv tri, L_00642078, L_00642A08, L_00642B68, L_00642CC8;
v00638320_0 .net8 "q", 3 0, RS_0060494C; 4 drivers
RS_00604964 .resolv tri, L_006420D0, L_00642A60, L_00642BC0, L_00642D20;
v00638378_0 .net8 "qnot", 3 0, RS_00604964; 4 drivers
v006383D0_0 .alias "rw", 0 0, v0063F020_0;
v00638428_0 .var "s", 3 0;
E_005D6BF0 .event edge, v00637798_0;
L_00642078 .part/pv v00637F58_0, 0, 1, 4;
L_006420D0 .part/pv v00637FB0_0, 0, 1, 4;
L_00642128 .part L_00642ED8, 0, 1;
L_006429B0 .part L_00642ED8, 0, 1;
L_00642A08 .part/pv v00637D18_0, 1, 1, 4;
L_00642A60 .part/pv v00637D70_0, 1, 1, 4;
L_00642AB8 .part L_00642ED8, 1, 1;
L_00642B10 .part L_00642ED8, 1, 1;
L_00642B68 .part/pv v00637B08_0, 2, 1, 4;
L_00642BC0 .part/pv v00637B60_0, 2, 1, 4;
L_00642C18 .part L_00642ED8, 2, 1;
L_00642C70 .part L_00642ED8, 2, 1;
L_00642CC8 .part/pv v006378F8_0, 3, 1, 4;
L_00642D20 .part/pv v00637950_0, 3, 1, 4;
L_00642D78 .part L_00642ED8, 3, 1;
L_00642DD0 .part L_00642ED8, 3, 1;
S_005FD928 .scope module, "j1" "jkff" 6 17, 7 1, S_005FD708;
 .timescale 0 0;
v00637DC8_0 .alias "clk", 0 0, v00638218_0;
v00637E20_0 .alias "clr", 0 0, v0063EF18_0;
v00637EA8_0 .net "j", 0 0, L_00642128; 1 drivers
v00637F00_0 .net "k", 0 0, L_00642648; 1 drivers
v00637F58_0 .var "q", 0 0;
v00637FB0_0 .var "qnot", 0 0;
S_005FD8A0 .scope module, "j2" "jkff" 6 18, 7 1, S_005FD708;
 .timescale 0 0;
v00637BB8_0 .alias "clk", 0 0, v00638218_0;
v00637C10_0 .alias "clr", 0 0, v0063EF18_0;
v00637C68_0 .net "j", 0 0, L_00642AB8; 1 drivers
v00637CC0_0 .net "k", 0 0, L_00642610; 1 drivers
v00637D18_0 .var "q", 0 0;
v00637D70_0 .var "qnot", 0 0;
S_005FD818 .scope module, "j3" "jkff" 6 19, 7 1, S_005FD708;
 .timescale 0 0;
v006379A8_0 .alias "clk", 0 0, v00638218_0;
v00637A00_0 .alias "clr", 0 0, v0063EF18_0;
v00637A58_0 .net "j", 0 0, L_00642C18; 1 drivers
v00637AB0_0 .net "k", 0 0, L_00642760; 1 drivers
v00637B08_0 .var "q", 0 0;
v00637B60_0 .var "qnot", 0 0;
S_005FD790 .scope module, "j4" "jkff" 6 20, 7 1, S_005FD708;
 .timescale 0 0;
v00637798_0 .alias "clk", 0 0, v00638218_0;
v006377F0_0 .alias "clr", 0 0, v0063EF18_0;
v00637848_0 .net "j", 0 0, L_00642D78; 1 drivers
v006378A0_0 .net "k", 0 0, L_006426F0; 1 drivers
v006378F8_0 .var "q", 0 0;
v00637950_0 .var "qnot", 0 0;
E_005D6970 .event posedge, v00637798_0;
S_005FD460 .scope module, "r6" "ram1x4" 4 34, 6 10, S_005FD2C8;
 .timescale 0 0;
L_00642808 .functor AND 1, L_00643508, v0063F3C0_0, v0063F578_0, C4<1>;
L_00642878 .functor NOT 1, L_00643038, C4<0>, C4<0>, C4<0>;
L_00642840 .functor NOT 1, L_00643198, C4<0>, C4<0>, C4<0>;
L_006439B0 .functor NOT 1, L_006432F8, C4<0>, C4<0>, C4<0>;
L_00642920 .functor NOT 1, L_00643458, C4<0>, C4<0>, C4<0>;
v00637320_0 .net *"_s18", 0 0, L_00643198; 1 drivers
v00637378_0 .net *"_s28", 0 0, L_006432F8; 1 drivers
v006373D0_0 .net *"_s38", 0 0, L_00643458; 1 drivers
v00637428_0 .net *"_s8", 0 0, L_00643038; 1 drivers
v00637480_0 .net "adr", 0 0, L_00643508; 1 drivers
v006374D8_0 .alias "clk", 0 0, v0063F470_0;
v00637530_0 .net "clock", 0 0, L_00642808; 1 drivers
v00637588_0 .alias "clr", 0 0, v0063EF18_0;
v006375E0_0 .net "data", 3 0, L_00643560; 1 drivers
RS_006046DC .resolv tri, L_00642F30, L_00643090, L_006431F0, L_00643350;
v00637638_0 .net8 "q", 3 0, RS_006046DC; 4 drivers
RS_006046F4 .resolv tri, L_00642F88, L_006430E8, L_00643248, L_006433A8;
v00637690_0 .net8 "qnot", 3 0, RS_006046F4; 4 drivers
v006376E8_0 .alias "rw", 0 0, v0063F020_0;
v00637740_0 .var "s", 3 0;
E_005D6B70 .event edge, v00636AB0_0;
L_00642F30 .part/pv v00637270_0, 0, 1, 4;
L_00642F88 .part/pv v006372C8_0, 0, 1, 4;
L_00642FE0 .part L_00643560, 0, 1;
L_00643038 .part L_00643560, 0, 1;
L_00643090 .part/pv v00637060_0, 1, 1, 4;
L_006430E8 .part/pv v006370B8_0, 1, 1, 4;
L_00643140 .part L_00643560, 1, 1;
L_00643198 .part L_00643560, 1, 1;
L_006431F0 .part/pv v00636E20_0, 2, 1, 4;
L_00643248 .part/pv v00636EA8_0, 2, 1, 4;
L_006432A0 .part L_00643560, 2, 1;
L_006432F8 .part L_00643560, 2, 1;
L_00643350 .part/pv v00636C10_0, 3, 1, 4;
L_006433A8 .part/pv v00636C68_0, 3, 1, 4;
L_00643400 .part L_00643560, 3, 1;
L_00643458 .part L_00643560, 3, 1;
S_005FD680 .scope module, "j1" "jkff" 6 17, 7 1, S_005FD460;
 .timescale 0 0;
v00637110_0 .alias "clk", 0 0, v00637530_0;
v00637168_0 .alias "clr", 0 0, v0063EF18_0;
v006371C0_0 .net "j", 0 0, L_00642FE0; 1 drivers
v00637218_0 .net "k", 0 0, L_00642878; 1 drivers
v00637270_0 .var "q", 0 0;
v006372C8_0 .var "qnot", 0 0;
S_005FD5F8 .scope module, "j2" "jkff" 6 18, 7 1, S_005FD460;
 .timescale 0 0;
v00636F00_0 .alias "clk", 0 0, v00637530_0;
v00636F58_0 .alias "clr", 0 0, v0063EF18_0;
v00636FB0_0 .net "j", 0 0, L_00643140; 1 drivers
v00637008_0 .net "k", 0 0, L_00642840; 1 drivers
v00637060_0 .var "q", 0 0;
v006370B8_0 .var "qnot", 0 0;
S_005FD570 .scope module, "j3" "jkff" 6 19, 7 1, S_005FD460;
 .timescale 0 0;
v00636CC0_0 .alias "clk", 0 0, v00637530_0;
v00636D18_0 .alias "clr", 0 0, v0063EF18_0;
v00636D70_0 .net "j", 0 0, L_006432A0; 1 drivers
v00636DC8_0 .net "k", 0 0, L_006439B0; 1 drivers
v00636E20_0 .var "q", 0 0;
v00636EA8_0 .var "qnot", 0 0;
S_005FD4E8 .scope module, "j4" "jkff" 6 20, 7 1, S_005FD460;
 .timescale 0 0;
v00636AB0_0 .alias "clk", 0 0, v00637530_0;
v00636B08_0 .alias "clr", 0 0, v0063EF18_0;
v00636B60_0 .net "j", 0 0, L_00643400; 1 drivers
v00636BB8_0 .net "k", 0 0, L_00642920; 1 drivers
v00636C10_0 .var "q", 0 0;
v00636C68_0 .var "qnot", 0 0;
E_005D6B90 .event posedge, v00636AB0_0;
S_005FCE88 .scope module, "r7" "ram1x4" 4 35, 6 10, S_005FD2C8;
 .timescale 0 0;
L_00643A90 .functor AND 1, L_00644548, v0063F3C0_0, v0063F578_0, C4<1>;
L_00643B00 .functor NOT 1, L_006436C0, C4<0>, C4<0>, C4<0>;
L_00643AC8 .functor NOT 1, L_00643820, C4<0>, C4<0>, C4<0>;
L_00643C18 .functor NOT 1, L_00644338, C4<0>, C4<0>, C4<0>;
L_00643BA8 .functor NOT 1, L_00644498, C4<0>, C4<0>, C4<0>;
v00636638_0 .net *"_s18", 0 0, L_00643820; 1 drivers
v00636690_0 .net *"_s28", 0 0, L_00644338; 1 drivers
v006366E8_0 .net *"_s38", 0 0, L_00644498; 1 drivers
v00636740_0 .net *"_s8", 0 0, L_006436C0; 1 drivers
v00636798_0 .net "adr", 0 0, L_00644548; 1 drivers
v006367F0_0 .alias "clk", 0 0, v0063F470_0;
v00636848_0 .net "clock", 0 0, L_00643A90; 1 drivers
v006368A0_0 .alias "clr", 0 0, v0063EF18_0;
v006368F8_0 .net "data", 3 0, L_006445A0; 1 drivers
RS_0060446C .resolv tri, L_006435B8, L_00643718, L_00643878, L_00644390;
v00636950_0 .net8 "q", 3 0, RS_0060446C; 4 drivers
RS_00604484 .resolv tri, L_00643610, L_00643770, L_006438D0, L_006443E8;
v006369A8_0 .net8 "qnot", 3 0, RS_00604484; 4 drivers
v00636A00_0 .alias "rw", 0 0, v0063F020_0;
v00636A58_0 .var "s", 3 0;
E_005D63B0 .event edge, v006359C8_0;
L_006435B8 .part/pv v00636588_0, 0, 1, 4;
L_00643610 .part/pv v006365E0_0, 0, 1, 4;
L_00643668 .part L_006445A0, 0, 1;
L_006436C0 .part L_006445A0, 0, 1;
L_00643718 .part/pv v00636378_0, 1, 1, 4;
L_00643770 .part/pv v006363D0_0, 1, 1, 4;
L_006437C8 .part L_006445A0, 1, 1;
L_00643820 .part L_006445A0, 1, 1;
L_00643878 .part/pv v00636168_0, 2, 1, 4;
L_006438D0 .part/pv v006361C0_0, 2, 1, 4;
L_00643928 .part L_006445A0, 2, 1;
L_00644338 .part L_006445A0, 2, 1;
L_00644390 .part/pv v00635F58_0, 3, 1, 4;
L_006443E8 .part/pv v00635FB0_0, 3, 1, 4;
L_00644440 .part L_006445A0, 3, 1;
L_00644498 .part L_006445A0, 3, 1;
S_005FCBE0 .scope module, "j1" "jkff" 6 17, 7 1, S_005FCE88;
 .timescale 0 0;
v00636428_0 .alias "clk", 0 0, v00636848_0;
v00636480_0 .alias "clr", 0 0, v0063EF18_0;
v006364D8_0 .net "j", 0 0, L_00643668; 1 drivers
v00636530_0 .net "k", 0 0, L_00643B00; 1 drivers
v00636588_0 .var "q", 0 0;
v006365E0_0 .var "qnot", 0 0;
S_005FCC68 .scope module, "j2" "jkff" 6 18, 7 1, S_005FCE88;
 .timescale 0 0;
v00636218_0 .alias "clk", 0 0, v00636848_0;
v00636270_0 .alias "clr", 0 0, v0063EF18_0;
v006362C8_0 .net "j", 0 0, L_006437C8; 1 drivers
v00636320_0 .net "k", 0 0, L_00643AC8; 1 drivers
v00636378_0 .var "q", 0 0;
v006363D0_0 .var "qnot", 0 0;
S_005FCD78 .scope module, "j3" "jkff" 6 19, 7 1, S_005FCE88;
 .timescale 0 0;
v00636008_0 .alias "clk", 0 0, v00636848_0;
v00636060_0 .alias "clr", 0 0, v0063EF18_0;
v006360B8_0 .net "j", 0 0, L_00643928; 1 drivers
v00636110_0 .net "k", 0 0, L_00643C18; 1 drivers
v00636168_0 .var "q", 0 0;
v006361C0_0 .var "qnot", 0 0;
S_005FCE00 .scope module, "j4" "jkff" 6 20, 7 1, S_005FCE88;
 .timescale 0 0;
v006359C8_0 .alias "clk", 0 0, v00636848_0;
v00635A20_0 .alias "clr", 0 0, v0063EF18_0;
v00635EA8_0 .net "j", 0 0, L_00644440; 1 drivers
v00635F00_0 .net "k", 0 0, L_00643BA8; 1 drivers
v00635F58_0 .var "q", 0 0;
v00635FB0_0 .var "qnot", 0 0;
E_005D6430 .event posedge, v006359C8_0;
S_005FD130 .scope module, "r8" "ram1x4" 4 36, 6 10, S_005FD2C8;
 .timescale 0 0;
L_00643CF8 .functor AND 1, L_00644BD0, v0063F3C0_0, v0063F578_0, C4<1>;
L_00643D68 .functor NOT 1, L_00644700, C4<0>, C4<0>, C4<0>;
L_00643D30 .functor NOT 1, L_00644860, C4<0>, C4<0>, C4<0>;
L_00643E80 .functor NOT 1, L_006449C0, C4<0>, C4<0>, C4<0>;
L_00643E10 .functor NOT 1, L_00644B20, C4<0>, C4<0>, C4<0>;
v00635550_0 .net *"_s18", 0 0, L_00644860; 1 drivers
v006355A8_0 .net *"_s28", 0 0, L_006449C0; 1 drivers
v00635600_0 .net *"_s38", 0 0, L_00644B20; 1 drivers
v00635658_0 .net *"_s8", 0 0, L_00644700; 1 drivers
v006356B0_0 .net "adr", 0 0, L_00644BD0; 1 drivers
v00635708_0 .alias "clk", 0 0, v0063F470_0;
v00635760_0 .net "clock", 0 0, L_00643CF8; 1 drivers
v006357B8_0 .alias "clr", 0 0, v0063EF18_0;
v00635810_0 .net "data", 3 0, L_00644C28; 1 drivers
RS_006041E4 .resolv tri, L_006445F8, L_00644758, L_006448B8, L_00644A18;
v00635868_0 .net8 "q", 3 0, RS_006041E4; 4 drivers
RS_006041FC .resolv tri, L_00644650, L_006447B0, L_00644910, L_00644A70;
v006358C0_0 .net8 "qnot", 3 0, RS_006041FC; 4 drivers
v00635918_0 .alias "rw", 0 0, v0063F020_0;
v00635970_0 .var "s", 3 0;
E_005D6DF0 .event edge, v00634D10_0;
L_006445F8 .part/pv v006354A0_0, 0, 1, 4;
L_00644650 .part/pv v006354F8_0, 0, 1, 4;
L_006446A8 .part L_00644C28, 0, 1;
L_00644700 .part L_00644C28, 0, 1;
L_00644758 .part/pv v00635290_0, 1, 1, 4;
L_006447B0 .part/pv v006352E8_0, 1, 1, 4;
L_00644808 .part L_00644C28, 1, 1;
L_00644860 .part L_00644C28, 1, 1;
L_006448B8 .part/pv v00635080_0, 2, 1, 4;
L_00644910 .part/pv v006350D8_0, 2, 1, 4;
L_00644968 .part L_00644C28, 2, 1;
L_006449C0 .part L_00644C28, 2, 1;
L_00644A18 .part/pv v00634E70_0, 3, 1, 4;
L_00644A70 .part/pv v00634EC8_0, 3, 1, 4;
L_00644AC8 .part L_00644C28, 3, 1;
L_00644B20 .part L_00644C28, 3, 1;
S_005FCF10 .scope module, "j1" "jkff" 6 17, 7 1, S_005FD130;
 .timescale 0 0;
v00635340_0 .alias "clk", 0 0, v00635760_0;
v00635398_0 .alias "clr", 0 0, v0063EF18_0;
v006353F0_0 .net "j", 0 0, L_006446A8; 1 drivers
v00635448_0 .net "k", 0 0, L_00643D68; 1 drivers
v006354A0_0 .var "q", 0 0;
v006354F8_0 .var "qnot", 0 0;
S_005FCF98 .scope module, "j2" "jkff" 6 18, 7 1, S_005FD130;
 .timescale 0 0;
v00635130_0 .alias "clk", 0 0, v00635760_0;
v00635188_0 .alias "clr", 0 0, v0063EF18_0;
v006351E0_0 .net "j", 0 0, L_00644808; 1 drivers
v00635238_0 .net "k", 0 0, L_00643D30; 1 drivers
v00635290_0 .var "q", 0 0;
v006352E8_0 .var "qnot", 0 0;
S_005FD020 .scope module, "j3" "jkff" 6 19, 7 1, S_005FD130;
 .timescale 0 0;
v00634F20_0 .alias "clk", 0 0, v00635760_0;
v00634F78_0 .alias "clr", 0 0, v0063EF18_0;
v00634FD0_0 .net "j", 0 0, L_00644968; 1 drivers
v00635028_0 .net "k", 0 0, L_00643E80; 1 drivers
v00635080_0 .var "q", 0 0;
v006350D8_0 .var "qnot", 0 0;
S_005FD0A8 .scope module, "j4" "jkff" 6 20, 7 1, S_005FD130;
 .timescale 0 0;
v00634D10_0 .alias "clk", 0 0, v00635760_0;
v00634D68_0 .alias "clr", 0 0, v0063EF18_0;
v00634DC0_0 .net "j", 0 0, L_00644AC8; 1 drivers
v00634E18_0 .net "k", 0 0, L_00643E10; 1 drivers
v00634E70_0 .var "q", 0 0;
v00634EC8_0 .var "qnot", 0 0;
E_005D6E10 .event posedge, v00634D10_0;
S_005FD1B8 .scope module, "m1" "mux" 4 38, 8 10, S_005FD2C8;
 .timescale 0 0;
v00634B00_0 .net "d1", 3 0, L_00644CD8; 1 drivers
v00634B58_0 .net "d2", 3 0, L_00644D30; 1 drivers
v00634BB0_0 .net "d3", 3 0, L_00644D88; 1 drivers
v00634C08_0 .net "d4", 3 0, L_00644DE0; 1 drivers
v00634C60_0 .var "s", 3 0;
v00634CB8_0 .alias "selec", 1 0, v0063EE68_0;
E_005D6870/0 .event edge, v00634AA8_0, v00634C08_0, v00634BB0_0, v00634B58_0;
E_005D6870/1 .event edge, v00634B00_0;
E_005D6870 .event/or E_005D6870/0, E_005D6870/1;
S_005FD240 .scope module, "m2" "mux" 4 39, 8 10, S_005FD2C8;
 .timescale 0 0;
v005E2D78_0 .net "d1", 3 0, L_00644E90; 1 drivers
v005E2DD0_0 .net "d2", 3 0, L_00644EE8; 1 drivers
v005E2E28_0 .net "d3", 3 0, L_00644F40; 1 drivers
v005E2E80_0 .net "d4", 3 0, L_00644F98; 1 drivers
v005E2ED8_0 .var "s", 3 0;
v00634AA8_0 .alias "selec", 1 0, v0063EE68_0;
E_005D62B0/0 .event edge, v00634AA8_0, v005E2E80_0, v005E2E28_0, v005E2DD0_0;
E_005D62B0/1 .event edge, v005E2D78_0;
E_005D62B0 .event/or E_005D62B0/0, E_005D62B0/1;
    .scope S_005FE4D8;
T_0 ;
    %set/v v0063F3C0_0, 0, 1;
    %end;
    .thread T_0;
    .scope S_005FE4D8;
T_1 ;
    %delay 12, 0;
    %load/v 8, v0063F3C0_0, 1;
    %inv 8, 1;
    %set/v v0063F3C0_0, 8, 1;
    %jmp T_1;
    .thread T_1;
    .scope S_005FE450;
T_2 ;
    %wait E_00600480;
    %load/v 8, v0063EB50_0, 2;
    %mov 10, 0, 1;
    %cmpi/u 8, 0, 3;
    %jmp/0xz  T_2.0, 4;
    %movi 8, 1, 4;
    %ix/load 0, 4, 0;
    %assign/v0 v0063EAF8_0, 0, 8;
    %jmp T_2.1;
T_2.0 ;
    %load/v 8, v0063EB50_0, 2;
    %mov 10, 0, 1;
    %cmpi/u 8, 1, 3;
    %jmp/0xz  T_2.2, 4;
    %movi 8, 2, 4;
    %ix/load 0, 4, 0;
    %assign/v0 v0063EAF8_0, 0, 8;
    %jmp T_2.3;
T_2.2 ;
    %load/v 8, v0063EB50_0, 2;
    %mov 10, 0, 4;
    %cmpi/u 8, 10, 6;
    %jmp/0xz  T_2.4, 4;
    %movi 8, 4, 4;
    %ix/load 0, 4, 0;
    %assign/v0 v0063EAF8_0, 0, 8;
    %jmp T_2.5;
T_2.4 ;
    %load/v 8, v0063EB50_0, 2;
    %mov 10, 0, 4;
    %cmpi/u 8, 11, 6;
    %jmp/0xz  T_2.6, 4;
    %movi 8, 8, 4;
    %ix/load 0, 4, 0;
    %assign/v0 v0063EAF8_0, 0, 8;
T_2.6 ;
T_2.5 ;
T_2.3 ;
T_2.1 ;
    %jmp T_2;
    .thread T_2, $push;
    .scope S_005FE3C8;
T_3 ;
    %wait E_006007C0;
    %load/v 8, v0063E4C8_0, 1;
    %load/v 9, v0063E520_0, 1;
    %inv 9, 1;
    %load/v 10, v0063E578_0, 1;
    %and 9, 10, 1;
    %or 8, 9, 1;
    %jmp/0xz  T_3.0, 8;
    %ix/load 0, 1, 0;
    %assign/v0 v0063E5D0_0, 0, 0;
    %ix/load 0, 1, 0;
    %assign/v0 v0063E628_0, 0, 1;
    %jmp T_3.1;
T_3.0 ;
    %load/v 8, v0063E520_0, 1;
    %load/v 9, v0063E578_0, 1;
    %inv 9, 1;
    %and 8, 9, 1;
    %jmp/0xz  T_3.2, 8;
    %ix/load 0, 1, 0;
    %assign/v0 v0063E5D0_0, 0, 1;
    %ix/load 0, 1, 0;
    %assign/v0 v0063E628_0, 0, 0;
    %jmp T_3.3;
T_3.2 ;
    %load/v 8, v0063E520_0, 1;
    %load/v 9, v0063E578_0, 1;
    %and 8, 9, 1;
    %jmp/0xz  T_3.4, 8;
    %load/v 8, v0063E5D0_0, 1;
    %inv 8, 1;
    %ix/load 0, 1, 0;
    %assign/v0 v0063E5D0_0, 0, 8;
    %load/v 8, v0063E628_0, 1;
    %inv 8, 1;
    %ix/load 0, 1, 0;
    %assign/v0 v0063E628_0, 0, 8;
T_3.4 ;
T_3.3 ;
T_3.1 ;
    %jmp T_3;
    .thread T_3;
    .scope S_005FE340;
T_4 ;
    %wait E_006007C0;
    %load/v 8, v0063E2B8_0, 1;
    %load/v 9, v0063E310_0, 1;
    %inv 9, 1;
    %load/v 10, v0063E368_0, 1;
    %and 9, 10, 1;
    %or 8, 9, 1;
    %jmp/0xz  T_4.0, 8;
    %ix/load 0, 1, 0;
    %assign/v0 v0063E3C0_0, 0, 0;
    %ix/load 0, 1, 0;
    %assign/v0 v0063E418_0, 0, 1;
    %jmp T_4.1;
T_4.0 ;
    %load/v 8, v0063E310_0, 1;
    %load/v 9, v0063E368_0, 1;
    %inv 9, 1;
    %and 8, 9, 1;
    %jmp/0xz  T_4.2, 8;
    %ix/load 0, 1, 0;
    %assign/v0 v0063E3C0_0, 0, 1;
    %ix/load 0, 1, 0;
    %assign/v0 v0063E418_0, 0, 0;
    %jmp T_4.3;
T_4.2 ;
    %load/v 8, v0063E310_0, 1;
    %load/v 9, v0063E368_0, 1;
    %and 8, 9, 1;
    %jmp/0xz  T_4.4, 8;
    %load/v 8, v0063E3C0_0, 1;
    %inv 8, 1;
    %ix/load 0, 1, 0;
    %assign/v0 v0063E3C0_0, 0, 8;
    %load/v 8, v0063E418_0, 1;
    %inv 8, 1;
    %ix/load 0, 1, 0;
    %assign/v0 v0063E418_0, 0, 8;
T_4.4 ;
T_4.3 ;
T_4.1 ;
    %jmp T_4;
    .thread T_4;
    .scope S_005FE2B8;
T_5 ;
    %wait E_006007C0;
    %load/v 8, v0063DD70_0, 1;
    %load/v 9, v0063DDC8_0, 1;
    %inv 9, 1;
    %load/v 10, v0063DE20_0, 1;
    %and 9, 10, 1;
    %or 8, 9, 1;
    %jmp/0xz  T_5.0, 8;
    %ix/load 0, 1, 0;
    %assign/v0 v0063E1B0_0, 0, 0;
    %ix/load 0, 1, 0;
    %assign/v0 v0063E208_0, 0, 1;
    %jmp T_5.1;
T_5.0 ;
    %load/v 8, v0063DDC8_0, 1;
    %load/v 9, v0063DE20_0, 1;
    %inv 9, 1;
    %and 8, 9, 1;
    %jmp/0xz  T_5.2, 8;
    %ix/load 0, 1, 0;
    %assign/v0 v0063E1B0_0, 0, 1;
    %ix/load 0, 1, 0;
    %assign/v0 v0063E208_0, 0, 0;
    %jmp T_5.3;
T_5.2 ;
    %load/v 8, v0063DDC8_0, 1;
    %load/v 9, v0063DE20_0, 1;
    %and 8, 9, 1;
    %jmp/0xz  T_5.4, 8;
    %load/v 8, v0063E1B0_0, 1;
    %inv 8, 1;
    %ix/load 0, 1, 0;
    %assign/v0 v0063E1B0_0, 0, 8;
    %load/v 8, v0063E208_0, 1;
    %inv 8, 1;
    %ix/load 0, 1, 0;
    %assign/v0 v0063E208_0, 0, 8;
T_5.4 ;
T_5.3 ;
T_5.1 ;
    %jmp T_5;
    .thread T_5;
    .scope S_005FE230;
T_6 ;
    %wait E_006007C0;
    %load/v 8, v0063DB60_0, 1;
    %load/v 9, v0063DBB8_0, 1;
    %inv 9, 1;
    %load/v 10, v0063DC10_0, 1;
    %and 9, 10, 1;
    %or 8, 9, 1;
    %jmp/0xz  T_6.0, 8;
    %ix/load 0, 1, 0;
    %assign/v0 v0063DC68_0, 0, 0;
    %ix/load 0, 1, 0;
    %assign/v0 v0063DCC0_0, 0, 1;
    %jmp T_6.1;
T_6.0 ;
    %load/v 8, v0063DBB8_0, 1;
    %load/v 9, v0063DC10_0, 1;
    %inv 9, 1;
    %and 8, 9, 1;
    %jmp/0xz  T_6.2, 8;
    %ix/load 0, 1, 0;
    %assign/v0 v0063DC68_0, 0, 1;
    %ix/load 0, 1, 0;
    %assign/v0 v0063DCC0_0, 0, 0;
    %jmp T_6.3;
T_6.2 ;
    %load/v 8, v0063DBB8_0, 1;
    %load/v 9, v0063DC10_0, 1;
    %and 8, 9, 1;
    %jmp/0xz  T_6.4, 8;
    %load/v 8, v0063DC68_0, 1;
    %inv 8, 1;
    %ix/load 0, 1, 0;
    %assign/v0 v0063DC68_0, 0, 8;
    %load/v 8, v0063DCC0_0, 1;
    %inv 8, 1;
    %ix/load 0, 1, 0;
    %assign/v0 v0063DCC0_0, 0, 8;
T_6.4 ;
T_6.3 ;
T_6.1 ;
    %jmp T_6;
    .thread T_6;
    .scope S_005FE1A8;
T_7 ;
    %wait E_006006C0;
    %load/v 8, v0063E8E8_0, 1;
    %jmp/0xz  T_7.0, 8;
    %ix/load 0, 4, 0;
    %assign/v0 v0063EAA0_0, 0, 0;
    %jmp T_7.1;
T_7.0 ;
    %load/v 8, v0063E998_0, 4;
    %ix/load 0, 4, 0;
    %assign/v0 v0063EAA0_0, 0, 8;
T_7.1 ;
    %jmp T_7;
    .thread T_7, $push;
    .scope S_005FE120;
T_8 ;
    %wait E_00600800;
    %load/v 8, v0063D4D8_0, 1;
    %load/v 9, v0063D530_0, 1;
    %inv 9, 1;
    %load/v 10, v0063D588_0, 1;
    %and 9, 10, 1;
    %or 8, 9, 1;
    %jmp/0xz  T_8.0, 8;
    %ix/load 0, 1, 0;
    %assign/v0 v0063D5E0_0, 0, 0;
    %ix/load 0, 1, 0;
    %assign/v0 v0063D638_0, 0, 1;
    %jmp T_8.1;
T_8.0 ;
    %load/v 8, v0063D530_0, 1;
    %load/v 9, v0063D588_0, 1;
    %inv 9, 1;
    %and 8, 9, 1;
    %jmp/0xz  T_8.2, 8;
    %ix/load 0, 1, 0;
    %assign/v0 v0063D5E0_0, 0, 1;
    %ix/load 0, 1, 0;
    %assign/v0 v0063D638_0, 0, 0;
    %jmp T_8.3;
T_8.2 ;
    %load/v 8, v0063D530_0, 1;
    %load/v 9, v0063D588_0, 1;
    %and 8, 9, 1;
    %jmp/0xz  T_8.4, 8;
    %load/v 8, v0063D5E0_0, 1;
    %inv 8, 1;
    %ix/load 0, 1, 0;
    %assign/v0 v0063D5E0_0, 0, 8;
    %load/v 8, v0063D638_0, 1;
    %inv 8, 1;
    %ix/load 0, 1, 0;
    %assign/v0 v0063D638_0, 0, 8;
T_8.4 ;
T_8.3 ;
T_8.1 ;
    %jmp T_8;
    .thread T_8;
    .scope S_005FE098;
T_9 ;
    %wait E_00600800;
    %load/v 8, v0063D2C8_0, 1;
    %load/v 9, v0063D320_0, 1;
    %inv 9, 1;
    %load/v 10, v0063D378_0, 1;
    %and 9, 10, 1;
    %or 8, 9, 1;
    %jmp/0xz  T_9.0, 8;
    %ix/load 0, 1, 0;
    %assign/v0 v0063D3D0_0, 0, 0;
    %ix/load 0, 1, 0;
    %assign/v0 v0063D428_0, 0, 1;
    %jmp T_9.1;
T_9.0 ;
    %load/v 8, v0063D320_0, 1;
    %load/v 9, v0063D378_0, 1;
    %inv 9, 1;
    %and 8, 9, 1;
    %jmp/0xz  T_9.2, 8;
    %ix/load 0, 1, 0;
    %assign/v0 v0063D3D0_0, 0, 1;
    %ix/load 0, 1, 0;
    %assign/v0 v0063D428_0, 0, 0;
    %jmp T_9.3;
T_9.2 ;
    %load/v 8, v0063D320_0, 1;
    %load/v 9, v0063D378_0, 1;
    %and 8, 9, 1;
    %jmp/0xz  T_9.4, 8;
    %load/v 8, v0063D3D0_0, 1;
    %inv 8, 1;
    %ix/load 0, 1, 0;
    %assign/v0 v0063D3D0_0, 0, 8;
    %load/v 8, v0063D428_0, 1;
    %inv 8, 1;
    %ix/load 0, 1, 0;
    %assign/v0 v0063D428_0, 0, 8;
T_9.4 ;
T_9.3 ;
T_9.1 ;
    %jmp T_9;
    .thread T_9;
    .scope S_005FE010;
T_10 ;
    %wait E_00600800;
    %load/v 8, v0063D0B8_0, 1;
    %load/v 9, v0063D110_0, 1;
    %inv 9, 1;
    %load/v 10, v0063D168_0, 1;
    %and 9, 10, 1;
    %or 8, 9, 1;
    %jmp/0xz  T_10.0, 8;
    %ix/load 0, 1, 0;
    %assign/v0 v0063D1C0_0, 0, 0;
    %ix/load 0, 1, 0;
    %assign/v0 v0063D218_0, 0, 1;
    %jmp T_10.1;
T_10.0 ;
    %load/v 8, v0063D110_0, 1;
    %load/v 9, v0063D168_0, 1;
    %inv 9, 1;
    %and 8, 9, 1;
    %jmp/0xz  T_10.2, 8;
    %ix/load 0, 1, 0;
    %assign/v0 v0063D1C0_0, 0, 1;
    %ix/load 0, 1, 0;
    %assign/v0 v0063D218_0, 0, 0;
    %jmp T_10.3;
T_10.2 ;
    %load/v 8, v0063D110_0, 1;
    %load/v 9, v0063D168_0, 1;
    %and 8, 9, 1;
    %jmp/0xz  T_10.4, 8;
    %load/v 8, v0063D1C0_0, 1;
    %inv 8, 1;
    %ix/load 0, 1, 0;
    %assign/v0 v0063D1C0_0, 0, 8;
    %load/v 8, v0063D218_0, 1;
    %inv 8, 1;
    %ix/load 0, 1, 0;
    %assign/v0 v0063D218_0, 0, 8;
T_10.4 ;
T_10.3 ;
T_10.1 ;
    %jmp T_10;
    .thread T_10;
    .scope S_005FDF88;
T_11 ;
    %wait E_00600800;
    %load/v 8, v0063CEA8_0, 1;
    %load/v 9, v0063CF00_0, 1;
    %inv 9, 1;
    %load/v 10, v0063CF58_0, 1;
    %and 9, 10, 1;
    %or 8, 9, 1;
    %jmp/0xz  T_11.0, 8;
    %ix/load 0, 1, 0;
    %assign/v0 v0063CFB0_0, 0, 0;
    %ix/load 0, 1, 0;
    %assign/v0 v0063D008_0, 0, 1;
    %jmp T_11.1;
T_11.0 ;
    %load/v 8, v0063CF00_0, 1;
    %load/v 9, v0063CF58_0, 1;
    %inv 9, 1;
    %and 8, 9, 1;
    %jmp/0xz  T_11.2, 8;
    %ix/load 0, 1, 0;
    %assign/v0 v0063CFB0_0, 0, 1;
    %ix/load 0, 1, 0;
    %assign/v0 v0063D008_0, 0, 0;
    %jmp T_11.3;
T_11.2 ;
    %load/v 8, v0063CF00_0, 1;
    %load/v 9, v0063CF58_0, 1;
    %and 8, 9, 1;
    %jmp/0xz  T_11.4, 8;
    %load/v 8, v0063CFB0_0, 1;
    %inv 8, 1;
    %ix/load 0, 1, 0;
    %assign/v0 v0063CFB0_0, 0, 8;
    %load/v 8, v0063D008_0, 1;
    %inv 8, 1;
    %ix/load 0, 1, 0;
    %assign/v0 v0063D008_0, 0, 8;
T_11.4 ;
T_11.3 ;
T_11.1 ;
    %jmp T_11;
    .thread T_11;
    .scope S_005FDF00;
T_12 ;
    %wait E_006007A0;
    %load/v 8, v0063D8F8_0, 1;
    %jmp/0xz  T_12.0, 8;
    %ix/load 0, 4, 0;
    %assign/v0 v0063DAB0_0, 0, 0;
    %jmp T_12.1;
T_12.0 ;
    %load/v 8, v0063D9A8_0, 4;
    %ix/load 0, 4, 0;
    %assign/v0 v0063DAB0_0, 0, 8;
T_12.1 ;
    %jmp T_12;
    .thread T_12, $push;
    .scope S_005FDE78;
T_13 ;
    %wait E_005D6710;
    %load/v 8, v006397F0_0, 1;
    %load/v 9, v00639848_0, 1;
    %inv 9, 1;
    %load/v 10, v006398A0_0, 1;
    %and 9, 10, 1;
    %or 8, 9, 1;
    %jmp/0xz  T_13.0, 8;
    %ix/load 0, 1, 0;
    %assign/v0 v006398F8_0, 0, 0;
    %ix/load 0, 1, 0;
    %assign/v0 v00639950_0, 0, 1;
    %jmp T_13.1;
T_13.0 ;
    %load/v 8, v00639848_0, 1;
    %load/v 9, v006398A0_0, 1;
    %inv 9, 1;
    %and 8, 9, 1;
    %jmp/0xz  T_13.2, 8;
    %ix/load 0, 1, 0;
    %assign/v0 v006398F8_0, 0, 1;
    %ix/load 0, 1, 0;
    %assign/v0 v00639950_0, 0, 0;
    %jmp T_13.3;
T_13.2 ;
    %load/v 8, v00639848_0, 1;
    %load/v 9, v006398A0_0, 1;
    %and 8, 9, 1;
    %jmp/0xz  T_13.4, 8;
    %load/v 8, v006398F8_0, 1;
    %inv 8, 1;
    %ix/load 0, 1, 0;
    %assign/v0 v006398F8_0, 0, 8;
    %load/v 8, v00639950_0, 1;
    %inv 8, 1;
    %ix/load 0, 1, 0;
    %assign/v0 v00639950_0, 0, 8;
T_13.4 ;
T_13.3 ;
T_13.1 ;
    %jmp T_13;
    .thread T_13;
    .scope S_005FDDF0;
T_14 ;
    %wait E_005D6710;
    %load/v 8, v006395E0_0, 1;
    %load/v 9, v00639638_0, 1;
    %inv 9, 1;
    %load/v 10, v00639690_0, 1;
    %and 9, 10, 1;
    %or 8, 9, 1;
    %jmp/0xz  T_14.0, 8;
    %ix/load 0, 1, 0;
    %assign/v0 v006396E8_0, 0, 0;
    %ix/load 0, 1, 0;
    %assign/v0 v00639740_0, 0, 1;
    %jmp T_14.1;
T_14.0 ;
    %load/v 8, v00639638_0, 1;
    %load/v 9, v00639690_0, 1;
    %inv 9, 1;
    %and 8, 9, 1;
    %jmp/0xz  T_14.2, 8;
    %ix/load 0, 1, 0;
    %assign/v0 v006396E8_0, 0, 1;
    %ix/load 0, 1, 0;
    %assign/v0 v00639740_0, 0, 0;
    %jmp T_14.3;
T_14.2 ;
    %load/v 8, v00639638_0, 1;
    %load/v 9, v00639690_0, 1;
    %and 8, 9, 1;
    %jmp/0xz  T_14.4, 8;
    %load/v 8, v006396E8_0, 1;
    %inv 8, 1;
    %ix/load 0, 1, 0;
    %assign/v0 v006396E8_0, 0, 8;
    %load/v 8, v00639740_0, 1;
    %inv 8, 1;
    %ix/load 0, 1, 0;
    %assign/v0 v00639740_0, 0, 8;
T_14.4 ;
T_14.3 ;
T_14.1 ;
    %jmp T_14;
    .thread T_14;
    .scope S_005FDD68;
T_15 ;
    %wait E_005D6710;
    %load/v 8, v006393D0_0, 1;
    %load/v 9, v00639428_0, 1;
    %inv 9, 1;
    %load/v 10, v00639480_0, 1;
    %and 9, 10, 1;
    %or 8, 9, 1;
    %jmp/0xz  T_15.0, 8;
    %ix/load 0, 1, 0;
    %assign/v0 v006394D8_0, 0, 0;
    %ix/load 0, 1, 0;
    %assign/v0 v00639530_0, 0, 1;
    %jmp T_15.1;
T_15.0 ;
    %load/v 8, v00639428_0, 1;
    %load/v 9, v00639480_0, 1;
    %inv 9, 1;
    %and 8, 9, 1;
    %jmp/0xz  T_15.2, 8;
    %ix/load 0, 1, 0;
    %assign/v0 v006394D8_0, 0, 1;
    %ix/load 0, 1, 0;
    %assign/v0 v00639530_0, 0, 0;
    %jmp T_15.3;
T_15.2 ;
    %load/v 8, v00639428_0, 1;
    %load/v 9, v00639480_0, 1;
    %and 8, 9, 1;
    %jmp/0xz  T_15.4, 8;
    %load/v 8, v006394D8_0, 1;
    %inv 8, 1;
    %ix/load 0, 1, 0;
    %assign/v0 v006394D8_0, 0, 8;
    %load/v 8, v00639530_0, 1;
    %inv 8, 1;
    %ix/load 0, 1, 0;
    %assign/v0 v00639530_0, 0, 8;
T_15.4 ;
T_15.3 ;
T_15.1 ;
    %jmp T_15;
    .thread T_15;
    .scope S_005FDCE0;
T_16 ;
    %wait E_005D6710;
    %load/v 8, v006391C0_0, 1;
    %load/v 9, v00639218_0, 1;
    %inv 9, 1;
    %load/v 10, v00639270_0, 1;
    %and 9, 10, 1;
    %or 8, 9, 1;
    %jmp/0xz  T_16.0, 8;
    %ix/load 0, 1, 0;
    %assign/v0 v006392C8_0, 0, 0;
    %ix/load 0, 1, 0;
    %assign/v0 v00639320_0, 0, 1;
    %jmp T_16.1;
T_16.0 ;
    %load/v 8, v00639218_0, 1;
    %load/v 9, v00639270_0, 1;
    %inv 9, 1;
    %and 8, 9, 1;
    %jmp/0xz  T_16.2, 8;
    %ix/load 0, 1, 0;
    %assign/v0 v006392C8_0, 0, 1;
    %ix/load 0, 1, 0;
    %assign/v0 v00639320_0, 0, 0;
    %jmp T_16.3;
T_16.2 ;
    %load/v 8, v00639218_0, 1;
    %load/v 9, v00639270_0, 1;
    %and 8, 9, 1;
    %jmp/0xz  T_16.4, 8;
    %load/v 8, v006392C8_0, 1;
    %inv 8, 1;
    %ix/load 0, 1, 0;
    %assign/v0 v006392C8_0, 0, 8;
    %load/v 8, v00639320_0, 1;
    %inv 8, 1;
    %ix/load 0, 1, 0;
    %assign/v0 v00639320_0, 0, 8;
T_16.4 ;
T_16.3 ;
T_16.1 ;
    %jmp T_16;
    .thread T_16;
    .scope S_005FDC58;
T_17 ;
    %wait E_005D6630;
    %load/v 8, v00639C10_0, 1;
    %jmp/0xz  T_17.0, 8;
    %ix/load 0, 4, 0;
    %assign/v0 v00639DC8_0, 0, 0;
    %jmp T_17.1;
T_17.0 ;
    %load/v 8, v00639CC0_0, 4;
    %ix/load 0, 4, 0;
    %assign/v0 v00639DC8_0, 0, 8;
T_17.1 ;
    %jmp T_17;
    .thread T_17, $push;
    .scope S_005FDBD0;
T_18 ;
    %wait E_005D6CD0;
    %load/v 8, v00638B08_0, 1;
    %load/v 9, v00638B60_0, 1;
    %inv 9, 1;
    %load/v 10, v00638BB8_0, 1;
    %and 9, 10, 1;
    %or 8, 9, 1;
    %jmp/0xz  T_18.0, 8;
    %ix/load 0, 1, 0;
    %assign/v0 v00638C10_0, 0, 0;
    %ix/load 0, 1, 0;
    %assign/v0 v00638C68_0, 0, 1;
    %jmp T_18.1;
T_18.0 ;
    %load/v 8, v00638B60_0, 1;
    %load/v 9, v00638BB8_0, 1;
    %inv 9, 1;
    %and 8, 9, 1;
    %jmp/0xz  T_18.2, 8;
    %ix/load 0, 1, 0;
    %assign/v0 v00638C10_0, 0, 1;
    %ix/load 0, 1, 0;
    %assign/v0 v00638C68_0, 0, 0;
    %jmp T_18.3;
T_18.2 ;
    %load/v 8, v00638B60_0, 1;
    %load/v 9, v00638BB8_0, 1;
    %and 8, 9, 1;
    %jmp/0xz  T_18.4, 8;
    %load/v 8, v00638C10_0, 1;
    %inv 8, 1;
    %ix/load 0, 1, 0;
    %assign/v0 v00638C10_0, 0, 8;
    %load/v 8, v00638C68_0, 1;
    %inv 8, 1;
    %ix/load 0, 1, 0;
    %assign/v0 v00638C68_0, 0, 8;
T_18.4 ;
T_18.3 ;
T_18.1 ;
    %jmp T_18;
    .thread T_18;
    .scope S_005FDB48;
T_19 ;
    %wait E_005D6CD0;
    %load/v 8, v006388F8_0, 1;
    %load/v 9, v00638950_0, 1;
    %inv 9, 1;
    %load/v 10, v006389A8_0, 1;
    %and 9, 10, 1;
    %or 8, 9, 1;
    %jmp/0xz  T_19.0, 8;
    %ix/load 0, 1, 0;
    %assign/v0 v00638A00_0, 0, 0;
    %ix/load 0, 1, 0;
    %assign/v0 v00638A58_0, 0, 1;
    %jmp T_19.1;
T_19.0 ;
    %load/v 8, v00638950_0, 1;
    %load/v 9, v006389A8_0, 1;
    %inv 9, 1;
    %and 8, 9, 1;
    %jmp/0xz  T_19.2, 8;
    %ix/load 0, 1, 0;
    %assign/v0 v00638A00_0, 0, 1;
    %ix/load 0, 1, 0;
    %assign/v0 v00638A58_0, 0, 0;
    %jmp T_19.3;
T_19.2 ;
    %load/v 8, v00638950_0, 1;
    %load/v 9, v006389A8_0, 1;
    %and 8, 9, 1;
    %jmp/0xz  T_19.4, 8;
    %load/v 8, v00638A00_0, 1;
    %inv 8, 1;
    %ix/load 0, 1, 0;
    %assign/v0 v00638A00_0, 0, 8;
    %load/v 8, v00638A58_0, 1;
    %inv 8, 1;
    %ix/load 0, 1, 0;
    %assign/v0 v00638A58_0, 0, 8;
T_19.4 ;
T_19.3 ;
T_19.1 ;
    %jmp T_19;
    .thread T_19;
    .scope S_005FDAC0;
T_20 ;
    %wait E_005D6CD0;
    %load/v 8, v006386E8_0, 1;
    %load/v 9, v00638740_0, 1;
    %inv 9, 1;
    %load/v 10, v00638798_0, 1;
    %and 9, 10, 1;
    %or 8, 9, 1;
    %jmp/0xz  T_20.0, 8;
    %ix/load 0, 1, 0;
    %assign/v0 v006387F0_0, 0, 0;
    %ix/load 0, 1, 0;
    %assign/v0 v00638848_0, 0, 1;
    %jmp T_20.1;
T_20.0 ;
    %load/v 8, v00638740_0, 1;
    %load/v 9, v00638798_0, 1;
    %inv 9, 1;
    %and 8, 9, 1;
    %jmp/0xz  T_20.2, 8;
    %ix/load 0, 1, 0;
    %assign/v0 v006387F0_0, 0, 1;
    %ix/load 0, 1, 0;
    %assign/v0 v00638848_0, 0, 0;
    %jmp T_20.3;
T_20.2 ;
    %load/v 8, v00638740_0, 1;
    %load/v 9, v00638798_0, 1;
    %and 8, 9, 1;
    %jmp/0xz  T_20.4, 8;
    %load/v 8, v006387F0_0, 1;
    %inv 8, 1;
    %ix/load 0, 1, 0;
    %assign/v0 v006387F0_0, 0, 8;
    %load/v 8, v00638848_0, 1;
    %inv 8, 1;
    %ix/load 0, 1, 0;
    %assign/v0 v00638848_0, 0, 8;
T_20.4 ;
T_20.3 ;
T_20.1 ;
    %jmp T_20;
    .thread T_20;
    .scope S_005FDA38;
T_21 ;
    %wait E_005D6CD0;
    %load/v 8, v006384D8_0, 1;
    %load/v 9, v00638530_0, 1;
    %inv 9, 1;
    %load/v 10, v00638588_0, 1;
    %and 9, 10, 1;
    %or 8, 9, 1;
    %jmp/0xz  T_21.0, 8;
    %ix/load 0, 1, 0;
    %assign/v0 v006385E0_0, 0, 0;
    %ix/load 0, 1, 0;
    %assign/v0 v00638638_0, 0, 1;
    %jmp T_21.1;
T_21.0 ;
    %load/v 8, v00638530_0, 1;
    %load/v 9, v00638588_0, 1;
    %inv 9, 1;
    %and 8, 9, 1;
    %jmp/0xz  T_21.2, 8;
    %ix/load 0, 1, 0;
    %assign/v0 v006385E0_0, 0, 1;
    %ix/load 0, 1, 0;
    %assign/v0 v00638638_0, 0, 0;
    %jmp T_21.3;
T_21.2 ;
    %load/v 8, v00638530_0, 1;
    %load/v 9, v00638588_0, 1;
    %and 8, 9, 1;
    %jmp/0xz  T_21.4, 8;
    %load/v 8, v006385E0_0, 1;
    %inv 8, 1;
    %ix/load 0, 1, 0;
    %assign/v0 v006385E0_0, 0, 8;
    %load/v 8, v00638638_0, 1;
    %inv 8, 1;
    %ix/load 0, 1, 0;
    %assign/v0 v00638638_0, 0, 8;
T_21.4 ;
T_21.3 ;
T_21.1 ;
    %jmp T_21;
    .thread T_21;
    .scope S_005FD9B0;
T_22 ;
    %wait E_005D68B0;
    %load/v 8, v00638F58_0, 1;
    %jmp/0xz  T_22.0, 8;
    %ix/load 0, 4, 0;
    %assign/v0 v00639110_0, 0, 0;
    %jmp T_22.1;
T_22.0 ;
    %load/v 8, v00639008_0, 4;
    %ix/load 0, 4, 0;
    %assign/v0 v00639110_0, 0, 8;
T_22.1 ;
    %jmp T_22;
    .thread T_22, $push;
    .scope S_005FD928;
T_23 ;
    %wait E_005D6970;
    %load/v 8, v00637E20_0, 1;
    %load/v 9, v00637EA8_0, 1;
    %inv 9, 1;
    %load/v 10, v00637F00_0, 1;
    %and 9, 10, 1;
    %or 8, 9, 1;
    %jmp/0xz  T_23.0, 8;
    %ix/load 0, 1, 0;
    %assign/v0 v00637F58_0, 0, 0;
    %ix/load 0, 1, 0;
    %assign/v0 v00637FB0_0, 0, 1;
    %jmp T_23.1;
T_23.0 ;
    %load/v 8, v00637EA8_0, 1;
    %load/v 9, v00637F00_0, 1;
    %inv 9, 1;
    %and 8, 9, 1;
    %jmp/0xz  T_23.2, 8;
    %ix/load 0, 1, 0;
    %assign/v0 v00637F58_0, 0, 1;
    %ix/load 0, 1, 0;
    %assign/v0 v00637FB0_0, 0, 0;
    %jmp T_23.3;
T_23.2 ;
    %load/v 8, v00637EA8_0, 1;
    %load/v 9, v00637F00_0, 1;
    %and 8, 9, 1;
    %jmp/0xz  T_23.4, 8;
    %load/v 8, v00637F58_0, 1;
    %inv 8, 1;
    %ix/load 0, 1, 0;
    %assign/v0 v00637F58_0, 0, 8;
    %load/v 8, v00637FB0_0, 1;
    %inv 8, 1;
    %ix/load 0, 1, 0;
    %assign/v0 v00637FB0_0, 0, 8;
T_23.4 ;
T_23.3 ;
T_23.1 ;
    %jmp T_23;
    .thread T_23;
    .scope S_005FD8A0;
T_24 ;
    %wait E_005D6970;
    %load/v 8, v00637C10_0, 1;
    %load/v 9, v00637C68_0, 1;
    %inv 9, 1;
    %load/v 10, v00637CC0_0, 1;
    %and 9, 10, 1;
    %or 8, 9, 1;
    %jmp/0xz  T_24.0, 8;
    %ix/load 0, 1, 0;
    %assign/v0 v00637D18_0, 0, 0;
    %ix/load 0, 1, 0;
    %assign/v0 v00637D70_0, 0, 1;
    %jmp T_24.1;
T_24.0 ;
    %load/v 8, v00637C68_0, 1;
    %load/v 9, v00637CC0_0, 1;
    %inv 9, 1;
    %and 8, 9, 1;
    %jmp/0xz  T_24.2, 8;
    %ix/load 0, 1, 0;
    %assign/v0 v00637D18_0, 0, 1;
    %ix/load 0, 1, 0;
    %assign/v0 v00637D70_0, 0, 0;
    %jmp T_24.3;
T_24.2 ;
    %load/v 8, v00637C68_0, 1;
    %load/v 9, v00637CC0_0, 1;
    %and 8, 9, 1;
    %jmp/0xz  T_24.4, 8;
    %load/v 8, v00637D18_0, 1;
    %inv 8, 1;
    %ix/load 0, 1, 0;
    %assign/v0 v00637D18_0, 0, 8;
    %load/v 8, v00637D70_0, 1;
    %inv 8, 1;
    %ix/load 0, 1, 0;
    %assign/v0 v00637D70_0, 0, 8;
T_24.4 ;
T_24.3 ;
T_24.1 ;
    %jmp T_24;
    .thread T_24;
    .scope S_005FD818;
T_25 ;
    %wait E_005D6970;
    %load/v 8, v00637A00_0, 1;
    %load/v 9, v00637A58_0, 1;
    %inv 9, 1;
    %load/v 10, v00637AB0_0, 1;
    %and 9, 10, 1;
    %or 8, 9, 1;
    %jmp/0xz  T_25.0, 8;
    %ix/load 0, 1, 0;
    %assign/v0 v00637B08_0, 0, 0;
    %ix/load 0, 1, 0;
    %assign/v0 v00637B60_0, 0, 1;
    %jmp T_25.1;
T_25.0 ;
    %load/v 8, v00637A58_0, 1;
    %load/v 9, v00637AB0_0, 1;
    %inv 9, 1;
    %and 8, 9, 1;
    %jmp/0xz  T_25.2, 8;
    %ix/load 0, 1, 0;
    %assign/v0 v00637B08_0, 0, 1;
    %ix/load 0, 1, 0;
    %assign/v0 v00637B60_0, 0, 0;
    %jmp T_25.3;
T_25.2 ;
    %load/v 8, v00637A58_0, 1;
    %load/v 9, v00637AB0_0, 1;
    %and 8, 9, 1;
    %jmp/0xz  T_25.4, 8;
    %load/v 8, v00637B08_0, 1;
    %inv 8, 1;
    %ix/load 0, 1, 0;
    %assign/v0 v00637B08_0, 0, 8;
    %load/v 8, v00637B60_0, 1;
    %inv 8, 1;
    %ix/load 0, 1, 0;
    %assign/v0 v00637B60_0, 0, 8;
T_25.4 ;
T_25.3 ;
T_25.1 ;
    %jmp T_25;
    .thread T_25;
    .scope S_005FD790;
T_26 ;
    %wait E_005D6970;
    %load/v 8, v006377F0_0, 1;
    %load/v 9, v00637848_0, 1;
    %inv 9, 1;
    %load/v 10, v006378A0_0, 1;
    %and 9, 10, 1;
    %or 8, 9, 1;
    %jmp/0xz  T_26.0, 8;
    %ix/load 0, 1, 0;
    %assign/v0 v006378F8_0, 0, 0;
    %ix/load 0, 1, 0;
    %assign/v0 v00637950_0, 0, 1;
    %jmp T_26.1;
T_26.0 ;
    %load/v 8, v00637848_0, 1;
    %load/v 9, v006378A0_0, 1;
    %inv 9, 1;
    %and 8, 9, 1;
    %jmp/0xz  T_26.2, 8;
    %ix/load 0, 1, 0;
    %assign/v0 v006378F8_0, 0, 1;
    %ix/load 0, 1, 0;
    %assign/v0 v00637950_0, 0, 0;
    %jmp T_26.3;
T_26.2 ;
    %load/v 8, v00637848_0, 1;
    %load/v 9, v006378A0_0, 1;
    %and 8, 9, 1;
    %jmp/0xz  T_26.4, 8;
    %load/v 8, v006378F8_0, 1;
    %inv 8, 1;
    %ix/load 0, 1, 0;
    %assign/v0 v006378F8_0, 0, 8;
    %load/v 8, v00637950_0, 1;
    %inv 8, 1;
    %ix/load 0, 1, 0;
    %assign/v0 v00637950_0, 0, 8;
T_26.4 ;
T_26.3 ;
T_26.1 ;
    %jmp T_26;
    .thread T_26;
    .scope S_005FD708;
T_27 ;
    %wait E_005D6BF0;
    %load/v 8, v00638270_0, 1;
    %jmp/0xz  T_27.0, 8;
    %ix/load 0, 4, 0;
    %assign/v0 v00638428_0, 0, 0;
    %jmp T_27.1;
T_27.0 ;
    %load/v 8, v00638320_0, 4;
    %ix/load 0, 4, 0;
    %assign/v0 v00638428_0, 0, 8;
T_27.1 ;
    %jmp T_27;
    .thread T_27, $push;
    .scope S_005FD680;
T_28 ;
    %wait E_005D6B90;
    %load/v 8, v00637168_0, 1;
    %load/v 9, v006371C0_0, 1;
    %inv 9, 1;
    %load/v 10, v00637218_0, 1;
    %and 9, 10, 1;
    %or 8, 9, 1;
    %jmp/0xz  T_28.0, 8;
    %ix/load 0, 1, 0;
    %assign/v0 v00637270_0, 0, 0;
    %ix/load 0, 1, 0;
    %assign/v0 v006372C8_0, 0, 1;
    %jmp T_28.1;
T_28.0 ;
    %load/v 8, v006371C0_0, 1;
    %load/v 9, v00637218_0, 1;
    %inv 9, 1;
    %and 8, 9, 1;
    %jmp/0xz  T_28.2, 8;
    %ix/load 0, 1, 0;
    %assign/v0 v00637270_0, 0, 1;
    %ix/load 0, 1, 0;
    %assign/v0 v006372C8_0, 0, 0;
    %jmp T_28.3;
T_28.2 ;
    %load/v 8, v006371C0_0, 1;
    %load/v 9, v00637218_0, 1;
    %and 8, 9, 1;
    %jmp/0xz  T_28.4, 8;
    %load/v 8, v00637270_0, 1;
    %inv 8, 1;
    %ix/load 0, 1, 0;
    %assign/v0 v00637270_0, 0, 8;
    %load/v 8, v006372C8_0, 1;
    %inv 8, 1;
    %ix/load 0, 1, 0;
    %assign/v0 v006372C8_0, 0, 8;
T_28.4 ;
T_28.3 ;
T_28.1 ;
    %jmp T_28;
    .thread T_28;
    .scope S_005FD5F8;
T_29 ;
    %wait E_005D6B90;
    %load/v 8, v00636F58_0, 1;
    %load/v 9, v00636FB0_0, 1;
    %inv 9, 1;
    %load/v 10, v00637008_0, 1;
    %and 9, 10, 1;
    %or 8, 9, 1;
    %jmp/0xz  T_29.0, 8;
    %ix/load 0, 1, 0;
    %assign/v0 v00637060_0, 0, 0;
    %ix/load 0, 1, 0;
    %assign/v0 v006370B8_0, 0, 1;
    %jmp T_29.1;
T_29.0 ;
    %load/v 8, v00636FB0_0, 1;
    %load/v 9, v00637008_0, 1;
    %inv 9, 1;
    %and 8, 9, 1;
    %jmp/0xz  T_29.2, 8;
    %ix/load 0, 1, 0;
    %assign/v0 v00637060_0, 0, 1;
    %ix/load 0, 1, 0;
    %assign/v0 v006370B8_0, 0, 0;
    %jmp T_29.3;
T_29.2 ;
    %load/v 8, v00636FB0_0, 1;
    %load/v 9, v00637008_0, 1;
    %and 8, 9, 1;
    %jmp/0xz  T_29.4, 8;
    %load/v 8, v00637060_0, 1;
    %inv 8, 1;
    %ix/load 0, 1, 0;
    %assign/v0 v00637060_0, 0, 8;
    %load/v 8, v006370B8_0, 1;
    %inv 8, 1;
    %ix/load 0, 1, 0;
    %assign/v0 v006370B8_0, 0, 8;
T_29.4 ;
T_29.3 ;
T_29.1 ;
    %jmp T_29;
    .thread T_29;
    .scope S_005FD570;
T_30 ;
    %wait E_005D6B90;
    %load/v 8, v00636D18_0, 1;
    %load/v 9, v00636D70_0, 1;
    %inv 9, 1;
    %load/v 10, v00636DC8_0, 1;
    %and 9, 10, 1;
    %or 8, 9, 1;
    %jmp/0xz  T_30.0, 8;
    %ix/load 0, 1, 0;
    %assign/v0 v00636E20_0, 0, 0;
    %ix/load 0, 1, 0;
    %assign/v0 v00636EA8_0, 0, 1;
    %jmp T_30.1;
T_30.0 ;
    %load/v 8, v00636D70_0, 1;
    %load/v 9, v00636DC8_0, 1;
    %inv 9, 1;
    %and 8, 9, 1;
    %jmp/0xz  T_30.2, 8;
    %ix/load 0, 1, 0;
    %assign/v0 v00636E20_0, 0, 1;
    %ix/load 0, 1, 0;
    %assign/v0 v00636EA8_0, 0, 0;
    %jmp T_30.3;
T_30.2 ;
    %load/v 8, v00636D70_0, 1;
    %load/v 9, v00636DC8_0, 1;
    %and 8, 9, 1;
    %jmp/0xz  T_30.4, 8;
    %load/v 8, v00636E20_0, 1;
    %inv 8, 1;
    %ix/load 0, 1, 0;
    %assign/v0 v00636E20_0, 0, 8;
    %load/v 8, v00636EA8_0, 1;
    %inv 8, 1;
    %ix/load 0, 1, 0;
    %assign/v0 v00636EA8_0, 0, 8;
T_30.4 ;
T_30.3 ;
T_30.1 ;
    %jmp T_30;
    .thread T_30;
    .scope S_005FD4E8;
T_31 ;
    %wait E_005D6B90;
    %load/v 8, v00636B08_0, 1;
    %load/v 9, v00636B60_0, 1;
    %inv 9, 1;
    %load/v 10, v00636BB8_0, 1;
    %and 9, 10, 1;
    %or 8, 9, 1;
    %jmp/0xz  T_31.0, 8;
    %ix/load 0, 1, 0;
    %assign/v0 v00636C10_0, 0, 0;
    %ix/load 0, 1, 0;
    %assign/v0 v00636C68_0, 0, 1;
    %jmp T_31.1;
T_31.0 ;
    %load/v 8, v00636B60_0, 1;
    %load/v 9, v00636BB8_0, 1;
    %inv 9, 1;
    %and 8, 9, 1;
    %jmp/0xz  T_31.2, 8;
    %ix/load 0, 1, 0;
    %assign/v0 v00636C10_0, 0, 1;
    %ix/load 0, 1, 0;
    %assign/v0 v00636C68_0, 0, 0;
    %jmp T_31.3;
T_31.2 ;
    %load/v 8, v00636B60_0, 1;
    %load/v 9, v00636BB8_0, 1;
    %and 8, 9, 1;
    %jmp/0xz  T_31.4, 8;
    %load/v 8, v00636C10_0, 1;
    %inv 8, 1;
    %ix/load 0, 1, 0;
    %assign/v0 v00636C10_0, 0, 8;
    %load/v 8, v00636C68_0, 1;
    %inv 8, 1;
    %ix/load 0, 1, 0;
    %assign/v0 v00636C68_0, 0, 8;
T_31.4 ;
T_31.3 ;
T_31.1 ;
    %jmp T_31;
    .thread T_31;
    .scope S_005FD460;
T_32 ;
    %wait E_005D6B70;
    %load/v 8, v00637588_0, 1;
    %jmp/0xz  T_32.0, 8;
    %ix/load 0, 4, 0;
    %assign/v0 v00637740_0, 0, 0;
    %jmp T_32.1;
T_32.0 ;
    %load/v 8, v00637638_0, 4;
    %ix/load 0, 4, 0;
    %assign/v0 v00637740_0, 0, 8;
T_32.1 ;
    %jmp T_32;
    .thread T_32, $push;
    .scope S_005FCBE0;
T_33 ;
    %wait E_005D6430;
    %load/v 8, v00636480_0, 1;
    %load/v 9, v006364D8_0, 1;
    %inv 9, 1;
    %load/v 10, v00636530_0, 1;
    %and 9, 10, 1;
    %or 8, 9, 1;
    %jmp/0xz  T_33.0, 8;
    %ix/load 0, 1, 0;
    %assign/v0 v00636588_0, 0, 0;
    %ix/load 0, 1, 0;
    %assign/v0 v006365E0_0, 0, 1;
    %jmp T_33.1;
T_33.0 ;
    %load/v 8, v006364D8_0, 1;
    %load/v 9, v00636530_0, 1;
    %inv 9, 1;
    %and 8, 9, 1;
    %jmp/0xz  T_33.2, 8;
    %ix/load 0, 1, 0;
    %assign/v0 v00636588_0, 0, 1;
    %ix/load 0, 1, 0;
    %assign/v0 v006365E0_0, 0, 0;
    %jmp T_33.3;
T_33.2 ;
    %load/v 8, v006364D8_0, 1;
    %load/v 9, v00636530_0, 1;
    %and 8, 9, 1;
    %jmp/0xz  T_33.4, 8;
    %load/v 8, v00636588_0, 1;
    %inv 8, 1;
    %ix/load 0, 1, 0;
    %assign/v0 v00636588_0, 0, 8;
    %load/v 8, v006365E0_0, 1;
    %inv 8, 1;
    %ix/load 0, 1, 0;
    %assign/v0 v006365E0_0, 0, 8;
T_33.4 ;
T_33.3 ;
T_33.1 ;
    %jmp T_33;
    .thread T_33;
    .scope S_005FCC68;
T_34 ;
    %wait E_005D6430;
    %load/v 8, v00636270_0, 1;
    %load/v 9, v006362C8_0, 1;
    %inv 9, 1;
    %load/v 10, v00636320_0, 1;
    %and 9, 10, 1;
    %or 8, 9, 1;
    %jmp/0xz  T_34.0, 8;
    %ix/load 0, 1, 0;
    %assign/v0 v00636378_0, 0, 0;
    %ix/load 0, 1, 0;
    %assign/v0 v006363D0_0, 0, 1;
    %jmp T_34.1;
T_34.0 ;
    %load/v 8, v006362C8_0, 1;
    %load/v 9, v00636320_0, 1;
    %inv 9, 1;
    %and 8, 9, 1;
    %jmp/0xz  T_34.2, 8;
    %ix/load 0, 1, 0;
    %assign/v0 v00636378_0, 0, 1;
    %ix/load 0, 1, 0;
    %assign/v0 v006363D0_0, 0, 0;
    %jmp T_34.3;
T_34.2 ;
    %load/v 8, v006362C8_0, 1;
    %load/v 9, v00636320_0, 1;
    %and 8, 9, 1;
    %jmp/0xz  T_34.4, 8;
    %load/v 8, v00636378_0, 1;
    %inv 8, 1;
    %ix/load 0, 1, 0;
    %assign/v0 v00636378_0, 0, 8;
    %load/v 8, v006363D0_0, 1;
    %inv 8, 1;
    %ix/load 0, 1, 0;
    %assign/v0 v006363D0_0, 0, 8;
T_34.4 ;
T_34.3 ;
T_34.1 ;
    %jmp T_34;
    .thread T_34;
    .scope S_005FCD78;
T_35 ;
    %wait E_005D6430;
    %load/v 8, v00636060_0, 1;
    %load/v 9, v006360B8_0, 1;
    %inv 9, 1;
    %load/v 10, v00636110_0, 1;
    %and 9, 10, 1;
    %or 8, 9, 1;
    %jmp/0xz  T_35.0, 8;
    %ix/load 0, 1, 0;
    %assign/v0 v00636168_0, 0, 0;
    %ix/load 0, 1, 0;
    %assign/v0 v006361C0_0, 0, 1;
    %jmp T_35.1;
T_35.0 ;
    %load/v 8, v006360B8_0, 1;
    %load/v 9, v00636110_0, 1;
    %inv 9, 1;
    %and 8, 9, 1;
    %jmp/0xz  T_35.2, 8;
    %ix/load 0, 1, 0;
    %assign/v0 v00636168_0, 0, 1;
    %ix/load 0, 1, 0;
    %assign/v0 v006361C0_0, 0, 0;
    %jmp T_35.3;
T_35.2 ;
    %load/v 8, v006360B8_0, 1;
    %load/v 9, v00636110_0, 1;
    %and 8, 9, 1;
    %jmp/0xz  T_35.4, 8;
    %load/v 8, v00636168_0, 1;
    %inv 8, 1;
    %ix/load 0, 1, 0;
    %assign/v0 v00636168_0, 0, 8;
    %load/v 8, v006361C0_0, 1;
    %inv 8, 1;
    %ix/load 0, 1, 0;
    %assign/v0 v006361C0_0, 0, 8;
T_35.4 ;
T_35.3 ;
T_35.1 ;
    %jmp T_35;
    .thread T_35;
    .scope S_005FCE00;
T_36 ;
    %wait E_005D6430;
    %load/v 8, v00635A20_0, 1;
    %load/v 9, v00635EA8_0, 1;
    %inv 9, 1;
    %load/v 10, v00635F00_0, 1;
    %and 9, 10, 1;
    %or 8, 9, 1;
    %jmp/0xz  T_36.0, 8;
    %ix/load 0, 1, 0;
    %assign/v0 v00635F58_0, 0, 0;
    %ix/load 0, 1, 0;
    %assign/v0 v00635FB0_0, 0, 1;
    %jmp T_36.1;
T_36.0 ;
    %load/v 8, v00635EA8_0, 1;
    %load/v 9, v00635F00_0, 1;
    %inv 9, 1;
    %and 8, 9, 1;
    %jmp/0xz  T_36.2, 8;
    %ix/load 0, 1, 0;
    %assign/v0 v00635F58_0, 0, 1;
    %ix/load 0, 1, 0;
    %assign/v0 v00635FB0_0, 0, 0;
    %jmp T_36.3;
T_36.2 ;
    %load/v 8, v00635EA8_0, 1;
    %load/v 9, v00635F00_0, 1;
    %and 8, 9, 1;
    %jmp/0xz  T_36.4, 8;
    %load/v 8, v00635F58_0, 1;
    %inv 8, 1;
    %ix/load 0, 1, 0;
    %assign/v0 v00635F58_0, 0, 8;
    %load/v 8, v00635FB0_0, 1;
    %inv 8, 1;
    %ix/load 0, 1, 0;
    %assign/v0 v00635FB0_0, 0, 8;
T_36.4 ;
T_36.3 ;
T_36.1 ;
    %jmp T_36;
    .thread T_36;
    .scope S_005FCE88;
T_37 ;
    %wait E_005D63B0;
    %load/v 8, v006368A0_0, 1;
    %jmp/0xz  T_37.0, 8;
    %ix/load 0, 4, 0;
    %assign/v0 v00636A58_0, 0, 0;
    %jmp T_37.1;
T_37.0 ;
    %load/v 8, v00636950_0, 4;
    %ix/load 0, 4, 0;
    %assign/v0 v00636A58_0, 0, 8;
T_37.1 ;
    %jmp T_37;
    .thread T_37, $push;
    .scope S_005FCF10;
T_38 ;
    %wait E_005D6E10;
    %load/v 8, v00635398_0, 1;
    %load/v 9, v006353F0_0, 1;
    %inv 9, 1;
    %load/v 10, v00635448_0, 1;
    %and 9, 10, 1;
    %or 8, 9, 1;
    %jmp/0xz  T_38.0, 8;
    %ix/load 0, 1, 0;
    %assign/v0 v006354A0_0, 0, 0;
    %ix/load 0, 1, 0;
    %assign/v0 v006354F8_0, 0, 1;
    %jmp T_38.1;
T_38.0 ;
    %load/v 8, v006353F0_0, 1;
    %load/v 9, v00635448_0, 1;
    %inv 9, 1;
    %and 8, 9, 1;
    %jmp/0xz  T_38.2, 8;
    %ix/load 0, 1, 0;
    %assign/v0 v006354A0_0, 0, 1;
    %ix/load 0, 1, 0;
    %assign/v0 v006354F8_0, 0, 0;
    %jmp T_38.3;
T_38.2 ;
    %load/v 8, v006353F0_0, 1;
    %load/v 9, v00635448_0, 1;
    %and 8, 9, 1;
    %jmp/0xz  T_38.4, 8;
    %load/v 8, v006354A0_0, 1;
    %inv 8, 1;
    %ix/load 0, 1, 0;
    %assign/v0 v006354A0_0, 0, 8;
    %load/v 8, v006354F8_0, 1;
    %inv 8, 1;
    %ix/load 0, 1, 0;
    %assign/v0 v006354F8_0, 0, 8;
T_38.4 ;
T_38.3 ;
T_38.1 ;
    %jmp T_38;
    .thread T_38;
    .scope S_005FCF98;
T_39 ;
    %wait E_005D6E10;
    %load/v 8, v00635188_0, 1;
    %load/v 9, v006351E0_0, 1;
    %inv 9, 1;
    %load/v 10, v00635238_0, 1;
    %and 9, 10, 1;
    %or 8, 9, 1;
    %jmp/0xz  T_39.0, 8;
    %ix/load 0, 1, 0;
    %assign/v0 v00635290_0, 0, 0;
    %ix/load 0, 1, 0;
    %assign/v0 v006352E8_0, 0, 1;
    %jmp T_39.1;
T_39.0 ;
    %load/v 8, v006351E0_0, 1;
    %load/v 9, v00635238_0, 1;
    %inv 9, 1;
    %and 8, 9, 1;
    %jmp/0xz  T_39.2, 8;
    %ix/load 0, 1, 0;
    %assign/v0 v00635290_0, 0, 1;
    %ix/load 0, 1, 0;
    %assign/v0 v006352E8_0, 0, 0;
    %jmp T_39.3;
T_39.2 ;
    %load/v 8, v006351E0_0, 1;
    %load/v 9, v00635238_0, 1;
    %and 8, 9, 1;
    %jmp/0xz  T_39.4, 8;
    %load/v 8, v00635290_0, 1;
    %inv 8, 1;
    %ix/load 0, 1, 0;
    %assign/v0 v00635290_0, 0, 8;
    %load/v 8, v006352E8_0, 1;
    %inv 8, 1;
    %ix/load 0, 1, 0;
    %assign/v0 v006352E8_0, 0, 8;
T_39.4 ;
T_39.3 ;
T_39.1 ;
    %jmp T_39;
    .thread T_39;
    .scope S_005FD020;
T_40 ;
    %wait E_005D6E10;
    %load/v 8, v00634F78_0, 1;
    %load/v 9, v00634FD0_0, 1;
    %inv 9, 1;
    %load/v 10, v00635028_0, 1;
    %and 9, 10, 1;
    %or 8, 9, 1;
    %jmp/0xz  T_40.0, 8;
    %ix/load 0, 1, 0;
    %assign/v0 v00635080_0, 0, 0;
    %ix/load 0, 1, 0;
    %assign/v0 v006350D8_0, 0, 1;
    %jmp T_40.1;
T_40.0 ;
    %load/v 8, v00634FD0_0, 1;
    %load/v 9, v00635028_0, 1;
    %inv 9, 1;
    %and 8, 9, 1;
    %jmp/0xz  T_40.2, 8;
    %ix/load 0, 1, 0;
    %assign/v0 v00635080_0, 0, 1;
    %ix/load 0, 1, 0;
    %assign/v0 v006350D8_0, 0, 0;
    %jmp T_40.3;
T_40.2 ;
    %load/v 8, v00634FD0_0, 1;
    %load/v 9, v00635028_0, 1;
    %and 8, 9, 1;
    %jmp/0xz  T_40.4, 8;
    %load/v 8, v00635080_0, 1;
    %inv 8, 1;
    %ix/load 0, 1, 0;
    %assign/v0 v00635080_0, 0, 8;
    %load/v 8, v006350D8_0, 1;
    %inv 8, 1;
    %ix/load 0, 1, 0;
    %assign/v0 v006350D8_0, 0, 8;
T_40.4 ;
T_40.3 ;
T_40.1 ;
    %jmp T_40;
    .thread T_40;
    .scope S_005FD0A8;
T_41 ;
    %wait E_005D6E10;
    %load/v 8, v00634D68_0, 1;
    %load/v 9, v00634DC0_0, 1;
    %inv 9, 1;
    %load/v 10, v00634E18_0, 1;
    %and 9, 10, 1;
    %or 8, 9, 1;
    %jmp/0xz  T_41.0, 8;
    %ix/load 0, 1, 0;
    %assign/v0 v00634E70_0, 0, 0;
    %ix/load 0, 1, 0;
    %assign/v0 v00634EC8_0, 0, 1;
    %jmp T_41.1;
T_41.0 ;
    %load/v 8, v00634DC0_0, 1;
    %load/v 9, v00634E18_0, 1;
    %inv 9, 1;
    %and 8, 9, 1;
    %jmp/0xz  T_41.2, 8;
    %ix/load 0, 1, 0;
    %assign/v0 v00634E70_0, 0, 1;
    %ix/load 0, 1, 0;
    %assign/v0 v00634EC8_0, 0, 0;
    %jmp T_41.3;
T_41.2 ;
    %load/v 8, v00634DC0_0, 1;
    %load/v 9, v00634E18_0, 1;
    %and 8, 9, 1;
    %jmp/0xz  T_41.4, 8;
    %load/v 8, v00634E70_0, 1;
    %inv 8, 1;
    %ix/load 0, 1, 0;
    %assign/v0 v00634E70_0, 0, 8;
    %load/v 8, v00634EC8_0, 1;
    %inv 8, 1;
    %ix/load 0, 1, 0;
    %assign/v0 v00634EC8_0, 0, 8;
T_41.4 ;
T_41.3 ;
T_41.1 ;
    %jmp T_41;
    .thread T_41;
    .scope S_005FD130;
T_42 ;
    %wait E_005D6DF0;
    %load/v 8, v006357B8_0, 1;
    %jmp/0xz  T_42.0, 8;
    %ix/load 0, 4, 0;
    %assign/v0 v00635970_0, 0, 0;
    %jmp T_42.1;
T_42.0 ;
    %load/v 8, v00635868_0, 4;
    %ix/load 0, 4, 0;
    %assign/v0 v00635970_0, 0, 8;
T_42.1 ;
    %jmp T_42;
    .thread T_42, $push;
    .scope S_005FD1B8;
T_43 ;
    %wait E_005D6870;
    %load/v 8, v00634CB8_0, 2;
    %mov 10, 0, 1;
    %cmpi/u 8, 0, 3;
    %jmp/0xz  T_43.0, 4;
    %load/v 8, v00634B00_0, 4;
    %ix/load 0, 4, 0;
    %assign/v0 v00634C60_0, 0, 8;
    %jmp T_43.1;
T_43.0 ;
    %load/v 8, v00634CB8_0, 2;
    %mov 10, 0, 1;
    %cmpi/u 8, 1, 3;
    %jmp/0xz  T_43.2, 4;
    %load/v 8, v00634B58_0, 4;
    %ix/load 0, 4, 0;
    %assign/v0 v00634C60_0, 0, 8;
    %jmp T_43.3;
T_43.2 ;
    %load/v 8, v00634CB8_0, 2;
    %mov 10, 0, 4;
    %cmpi/u 8, 10, 6;
    %jmp/0xz  T_43.4, 4;
    %load/v 8, v00634BB0_0, 4;
    %ix/load 0, 4, 0;
    %assign/v0 v00634C60_0, 0, 8;
    %jmp T_43.5;
T_43.4 ;
    %load/v 8, v00634CB8_0, 2;
    %mov 10, 0, 4;
    %cmpi/u 8, 11, 6;
    %jmp/0xz  T_43.6, 4;
    %load/v 8, v00634C08_0, 4;
    %ix/load 0, 4, 0;
    %assign/v0 v00634C60_0, 0, 8;
T_43.6 ;
T_43.5 ;
T_43.3 ;
T_43.1 ;
    %jmp T_43;
    .thread T_43, $push;
    .scope S_005FD240;
T_44 ;
    %wait E_005D62B0;
    %load/v 8, v00634AA8_0, 2;
    %mov 10, 0, 1;
    %cmpi/u 8, 0, 3;
    %jmp/0xz  T_44.0, 4;
    %load/v 8, v005E2D78_0, 4;
    %ix/load 0, 4, 0;
    %assign/v0 v005E2ED8_0, 0, 8;
    %jmp T_44.1;
T_44.0 ;
    %load/v 8, v00634AA8_0, 2;
    %mov 10, 0, 1;
    %cmpi/u 8, 1, 3;
    %jmp/0xz  T_44.2, 4;
    %load/v 8, v005E2DD0_0, 4;
    %ix/load 0, 4, 0;
    %assign/v0 v005E2ED8_0, 0, 8;
    %jmp T_44.3;
T_44.2 ;
    %load/v 8, v00634AA8_0, 2;
    %mov 10, 0, 4;
    %cmpi/u 8, 10, 6;
    %jmp/0xz  T_44.4, 4;
    %load/v 8, v005E2E28_0, 4;
    %ix/load 0, 4, 0;
    %assign/v0 v005E2ED8_0, 0, 8;
    %jmp T_44.5;
T_44.4 ;
    %load/v 8, v00634AA8_0, 2;
    %mov 10, 0, 4;
    %cmpi/u 8, 11, 6;
    %jmp/0xz  T_44.6, 4;
    %load/v 8, v005E2E80_0, 4;
    %ix/load 0, 4, 0;
    %assign/v0 v005E2ED8_0, 0, 8;
T_44.6 ;
T_44.5 ;
T_44.3 ;
T_44.1 ;
    %jmp T_44;
    .thread T_44, $push;
    .scope S_005FD350;
T_45 ;
    %set/v v0063F418_0, 0, 2;
    %set/v v0063F578_0, 0, 1;
    %set/v v0063F4C8_0, 0, 1;
    %movi 8, 10, 8;
    %set/v v0063F520_0, 8, 8;
    %delay 12, 0;
    %vpi_call 2 24 "$monitor", "Tempo %d -> Address = %b, Valor --> %b, 2%b, %b, %b, %b, %b, %b, %b", $time, v0063F418_0, &PV<v0063F5D0_0, 7, 1>, &PV<v0063F5D0_0, 6, 1>, &PV<v0063F5D0_0, 5, 1>, &PV<v0063F5D0_0, 4, 1>, &PV<v0063F5D0_0, 3, 1>, &PV<v0063F5D0_0, 2, 1>, &PV<v0063F5D0_0, 1, 1>, &PV<v0063F5D0_0, 0, 1>;
    %vpi_call 2 25 "$dumpfile", "Exercicio04.vcd";
    %vpi_call 2 26 "$dumpvars";
    %delay 1, 0;
    %set/v v0063F578_0, 1, 1;
    %delay 5, 0;
    %set/v v0063F578_0, 0, 1;
    %delay 5, 0;
    %movi 8, 1, 2;
    %set/v v0063F418_0, 8, 2;
    %movi 8, 14, 8;
    %set/v v0063F520_0, 8, 8;
    %delay 5, 0;
    %set/v v0063F578_0, 1, 1;
    %delay 5, 0;
    %set/v v0063F578_0, 0, 1;
    %delay 5, 0;
    %movi 8, 2, 2;
    %set/v v0063F418_0, 8, 2;
    %movi 10, 16, 8;
    %set/v v0063F520_0, 10, 8;
    %delay 5, 0;
    %set/v v0063F578_0, 1, 1;
    %delay 5, 0;
    %set/v v0063F578_0, 0, 1;
    %delay 5, 0;
    %movi 8, 25, 8;
    %set/v v0063F520_0, 8, 8;
    %set/v v0063F418_0, 1, 2;
    %delay 5, 0;
    %set/v v0063F578_0, 1, 1;
    %delay 5, 0;
    %set/v v0063F578_0, 0, 1;
    %delay 5, 0;
    %movi 8, 1, 2;
    %set/v v0063F418_0, 8, 2;
    %delay 5, 0;
    %set/v v0063F418_0, 0, 2;
    %delay 10, 0;
    %set/v v0063F418_0, 1, 2;
    %delay 10, 0;
    %movi 8, 2, 2;
    %set/v v0063F418_0, 8, 2;
    %delay 500, 0;
    %vpi_call 2 60 "$finish";
    %end;
    .thread T_45;
# The file index is used to find the file name in the following table.
:file_names 9;
    "N/A";
    "<interactive>";
    "Exercicio04.v";
    "./Clock.v";
    "./Ram4x8.v";
    "./Demux2x4.v";
    "./Ram1x4.v";
    "./FlipFlopJK.v";
    "./mux4x1.v";
