#! /c/iverilog/bin/vvp
:ivl_version "0.9.5 " "(v0_9_5)";
:vpi_time_precision + 0;
:vpi_module "system";
:vpi_module "v2005_math";
:vpi_module "va_math";
S_0086AC50 .scope module, "test_fullAdder" "test_fullAdder" 2 10;
 .timescale 0 0;
L_007A0FB0 .functor XOR 1, L_00776CA0, L_00776CF8, C4<0>, C4<0>;
L_00863058 .functor AND 1, L_00776DA8, L_00776E00, C4<1>, C4<1>;
L_0086D830 .functor XOR 1, L_00776EB0, v00776A38_0, C4<0>, C4<0>;
L_007A1038 .functor AND 1, L_00776F60, v00776A38_0, C4<1>, C4<1>;
L_007A1150 .functor OR 1, L_00777010, L_00777068, C4<0>, C4<0>;
L_007A11F8 .functor XOR 1, L_00777118, L_00777170, C4<0>, C4<0>;
L_007A1310 .functor XOR 1, L_00777220, L_00777278, C4<0>, C4<0>;
L_007A13F0 .functor AND 1, L_00777328, L_00777380, C4<1>, C4<1>;
L_007A14D0 .functor AND 1, L_00777430, L_00777488, C4<1>, C4<1>;
L_007A15B0 .functor OR 1, L_00777538, L_00777590, C4<0>, C4<0>;
L_007A1690 .functor XOR 1, L_00777640, L_00777698, C4<0>, C4<0>;
L_007A17A8 .functor XOR 1, L_007A1858, L_007A18B0, C4<0>, C4<0>;
L_007A28A8 .functor AND 1, L_007A1960, L_007A19B8, C4<1>, C4<1>;
L_007A2950 .functor AND 1, L_007A1A68, L_007A1AC0, C4<1>, C4<1>;
L_007A2A30 .functor OR 1, L_007A1B18, L_007A1B70, C4<0>, C4<0>;
v00779D70_0 .net *"_s1", 0 0, L_007A0FB0; 1 drivers
v00779DC8_0 .net *"_s11", 0 0, L_00776DA8; 1 drivers
v00779E20_0 .net *"_s13", 0 0, L_00776E00; 1 drivers
v00779E78_0 .net *"_s15", 0 0, L_0086D830; 1 drivers
v00779ED0_0 .net *"_s18", 0 0, L_00776EB0; 1 drivers
v00779F28_0 .net *"_s20", 0 0, L_007A1038; 1 drivers
v00779F80_0 .net *"_s23", 0 0, L_00776F60; 1 drivers
v00779FD8_0 .net *"_s25", 0 0, L_007A1150; 1 drivers
v0077A030_0 .net *"_s28", 0 0, L_00777010; 1 drivers
v0077A088_0 .net *"_s30", 0 0, L_00777068; 1 drivers
v0077A0E0_0 .net *"_s32", 0 0, L_007A11F8; 1 drivers
v0077A138_0 .net *"_s35", 0 0, L_00777118; 1 drivers
v0077A190_0 .net *"_s37", 0 0, L_00777170; 1 drivers
v0077A1E8_0 .net *"_s39", 0 0, L_007A1310; 1 drivers
v0077A240_0 .net *"_s4", 0 0, L_00776CA0; 1 drivers
v0077A298_0 .net *"_s42", 0 0, L_00777220; 1 drivers
v0077A2F0_0 .net *"_s44", 0 0, L_00777278; 1 drivers
v0077A348_0 .net *"_s46", 0 0, L_007A13F0; 1 drivers
v0077A3A0_0 .net *"_s49", 0 0, L_00777328; 1 drivers
v0077A3F8_0 .net *"_s51", 0 0, L_00777380; 1 drivers
v0077A450_0 .net *"_s53", 0 0, L_007A14D0; 1 drivers
v0077A4A8_0 .net *"_s56", 0 0, L_00777430; 1 drivers
v0077A500_0 .net *"_s58", 0 0, L_00777488; 1 drivers
v0077A558_0 .net *"_s6", 0 0, L_00776CF8; 1 drivers
v0077A5B0_0 .net *"_s60", 0 0, L_007A15B0; 1 drivers
v0077A608_0 .net *"_s63", 0 0, L_00777538; 1 drivers
v0077A660_0 .net *"_s65", 0 0, L_00777590; 1 drivers
v0077A6B8_0 .net *"_s67", 0 0, L_007A1690; 1 drivers
v0077A710_0 .net *"_s70", 0 0, L_00777640; 1 drivers
v0077A768_0 .net *"_s72", 0 0, L_00777698; 1 drivers
v0077A7C0_0 .net *"_s74", 0 0, L_007A17A8; 1 drivers
v0077A818_0 .net *"_s77", 0 0, L_007A1858; 1 drivers
v0077A870_0 .net *"_s79", 0 0, L_007A18B0; 1 drivers
v00776720_0 .net *"_s8", 0 0, L_00863058; 1 drivers
v00776778_0 .net *"_s81", 0 0, L_007A28A8; 1 drivers
v007767D0_0 .net *"_s84", 0 0, L_007A1960; 1 drivers
v00776828_0 .net *"_s86", 0 0, L_007A19B8; 1 drivers
v00776880_0 .net *"_s88", 0 0, L_007A2950; 1 drivers
v007768D8_0 .net *"_s91", 0 0, L_007A1A68; 1 drivers
v00776930_0 .net *"_s93", 0 0, L_007A1AC0; 1 drivers
v00776988_0 .net *"_s96", 0 0, L_007A1B18; 1 drivers
v007769E0_0 .net *"_s98", 0 0, L_007A1B70; 1 drivers
v00776A38_0 .var "carry", 0 0;
v00776A90_0 .net "co", 0 0, L_007A2A30; 1 drivers
RS_0077C2FC .resolv tri, L_00776E58, L_007771C8, L_007A1800, C4<zzz>;
v00776AE8_0 .net8 "soma", 2 0, RS_0077C2FC; 3 drivers
RS_0077C314/0/0 .resolv tri, L_00776C48, L_00776D50, L_00776F08, L_00776FB8;
RS_0077C314/0/4 .resolv tri, L_007770C0, L_007772D0, L_007773D8, L_007774E0;
RS_0077C314/0/8 .resolv tri, L_007775E8, L_007A1908, L_007A1A10, C4<zzzzzzzzzzz>;
RS_0077C314 .resolv tri, RS_0077C314/0/0, RS_0077C314/0/4, RS_0077C314/0/8, C4<zzzzzzzzzzz>;
v00776B40_0 .net8 "temp", 10 0, RS_0077C314; 11 drivers
v00776B98_0 .var "x", 2 0;
v00776BF0_0 .var "y", 2 0;
L_00776C48 .part/pv L_007A0FB0, 0, 1, 11;
L_00776CA0 .part v00776B98_0, 0, 1;
L_00776CF8 .part v00776BF0_0, 0, 1;
L_00776D50 .part/pv L_00863058, 1, 1, 11;
L_00776DA8 .part v00776B98_0, 0, 1;
L_00776E00 .part v00776BF0_0, 0, 1;
L_00776E58 .part/pv L_0086D830, 0, 1, 3;
L_00776EB0 .part RS_0077C314, 0, 1;
L_00776F08 .part/pv L_007A1038, 2, 1, 11;
L_00776F60 .part RS_0077C314, 0, 1;
L_00776FB8 .part/pv L_007A1150, 3, 1, 11;
L_00777010 .part RS_0077C314, 1, 1;
L_00777068 .part RS_0077C314, 2, 1;
L_007770C0 .part/pv L_007A11F8, 4, 1, 11;
L_00777118 .part v00776B98_0, 1, 1;
L_00777170 .part v00776BF0_0, 1, 1;
L_007771C8 .part/pv L_007A1310, 1, 1, 3;
L_00777220 .part RS_0077C314, 4, 1;
L_00777278 .part RS_0077C314, 3, 1;
L_007772D0 .part/pv L_007A13F0, 5, 1, 11;
L_00777328 .part v00776B98_0, 1, 1;
L_00777380 .part v00776BF0_0, 1, 1;
L_007773D8 .part/pv L_007A14D0, 6, 1, 11;
L_00777430 .part RS_0077C314, 4, 1;
L_00777488 .part RS_0077C314, 3, 1;
L_007774E0 .part/pv L_007A15B0, 7, 1, 11;
L_00777538 .part RS_0077C314, 6, 1;
L_00777590 .part RS_0077C314, 5, 1;
L_007775E8 .part/pv L_007A1690, 8, 1, 11;
L_00777640 .part v00776B98_0, 2, 1;
L_00777698 .part v00776BF0_0, 2, 1;
L_007A1800 .part/pv L_007A17A8, 2, 1, 3;
L_007A1858 .part RS_0077C314, 8, 1;
L_007A18B0 .part RS_0077C314, 7, 1;
L_007A1908 .part/pv L_007A28A8, 9, 1, 11;
L_007A1960 .part v00776B98_0, 2, 1;
L_007A19B8 .part v00776BF0_0, 2, 1;
L_007A1A10 .part/pv L_007A2950, 10, 1, 11;
L_007A1A68 .part RS_0077C314, 7, 1;
L_007A1AC0 .part RS_0077C314, 8, 1;
L_007A1B18 .part RS_0077C314, 9, 1;
L_007A1B70 .part RS_0077C314, 10, 1;
    .scope S_0086AC50;
T_0 ;
    %vpi_call 2 37 "$display", "Exemplo0021 - Herbert Alves - 461971";
    %vpi_call 2 38 "$display", "Test ALU\222s full adder";
    %vpi_call 2 39 "$display", "\012 x + y = CarryOut soma\012";
    %movi 8, 3, 3;
    %set/v v00776B98_0, 8, 3;
    %movi 8, 2, 3;
    %set/v v00776BF0_0, 8, 3;
    %set/v v00776A38_0, 0, 1;
    %delay 1, 0;
    %vpi_call 2 41 "$display", "%b + %b = %b %b", v00776B98_0, v00776BF0_0, v00776A90_0, v00776AE8_0;
    %delay 1, 0;
    %movi 8, 5, 3;
    %set/v v00776B98_0, 8, 3;
    %movi 8, 3, 3;
    %set/v v00776BF0_0, 8, 3;
    %set/v v00776A38_0, 0, 1;
    %vpi_call 2 43 "$monitor", "%b + %b = %b %b", v00776B98_0, v00776BF0_0, v00776A90_0, v00776AE8_0;
    %delay 1, 0;
    %movi 8, 2, 3;
    %set/v v00776B98_0, 8, 3;
    %movi 8, 2, 3;
    %set/v v00776BF0_0, 8, 3;
    %set/v v00776A38_0, 0, 1;
    %delay 1, 0;
    %set/v v00776B98_0, 1, 3;
    %set/v v00776BF0_0, 1, 3;
    %set/v v00776A38_0, 0, 1;
    %end;
    .thread T_0;
# The file index is used to find the file name in the following table.
:file_names 3;
    "N/A";
    "<interactive>";
    "Exemplo0021.v";
