#! /c/iverilog/bin/vvp
:ivl_version "0.9.6 " "(v0_9_6)";
:vpi_time_precision + 0;
:vpi_module "system";
:vpi_module "v2005_math";
:vpi_module "va_math";
S_003230C8 .scope module, "test_base_01" "test_base_01" 2 9;
 .timescale 0 0;
v0032E5F8_0 .var "a", 7 0;
v00323150_0 .var "b", 6 0;
v003231A8_0 .var "c", 5 0;
v0032FE50_0 .var "d", 4 0;
v0032FEA8_0 .var "e", 7 0;
    .scope S_003230C8;
T_0 ;
    %vpi_call 2 18 "$display", "Exec04 - Matheus de Souza Castro Santos - 466516";
    %vpi_call 2 19 "$display", "Test number system";
    %movi 8, 465, 10;
    %set/v v0032E5F8_0, 8, 8;
    %movi 8, 199, 9;
    %set/v v00323150_0, 8, 7;
    %movi 8, 103, 8;
    %set/v v003231A8_0, 8, 6;
    %movi 8, 51, 7;
    %set/v v0032FE50_0, 8, 5;
    %movi 8, 492, 10;
    %set/v v0032FEA8_0, 8, 8;
    %vpi_call 2 29 "$display", "\012Positive value";
    %vpi_call 2 30 "$display", "a = %b = %b", v0032E5F8_0, v0032E5F8_0;
    %vpi_call 2 31 "$display", "b = %b = %b", v00323150_0, v00323150_0;
    %vpi_call 2 32 "$display", "c = %b = %b", v003231A8_0, v003231A8_0;
    %vpi_call 2 33 "$display", "d = %b = %b", v0032FE50_0, v0032FE50_0;
    %vpi_call 2 34 "$display", "e = %b = %b", v0032FEA8_0, v0032FEA8_0;
    %end;
    .thread T_0;
# The file index is used to find the file name in the following table.
:file_names 3;
    "N/A";
    "<interactive>";
    "F:\Puc 2013\AC\ED 02 - 466516\Exec04.vhdl";
