#! /c/iverilog/bin/vvp
:ivl_version "0.9.5 " "(v0_9_5)";
:vpi_time_precision + 0;
:vpi_module "system";
:vpi_module "v2005_math";
:vpi_module "va_math";
S_0086A8A8 .scope module, "teste" "teste" 2 10;
 .timescale 0 0;
L_006C9D20 .functor AND 1, v00701D10_0, L_00701EC8, C4<1>, C4<1>;
L_006C9E70 .functor AND 1, v00701D10_0, L_00701F78, C4<1>, C4<1>;
L_006C9F88 .functor AND 1, v00701D10_0, L_00702058, C4<1>, C4<1>;
L_006C9E38 .functor AND 1, v00701D10_0, L_00702108, C4<1>, C4<1>;
L_006C9F50 .functor AND 1, v00701D10_0, L_007021B8, C4<1>, C4<1>;
v00701898_0 .net *"_s1", 0 0, L_006C9D20; 1 drivers
v007018F0_0 .net *"_s11", 0 0, L_006C9F88; 1 drivers
v00701948_0 .net *"_s14", 0 0, L_00702058; 1 drivers
v007019A0_0 .net *"_s16", 0 0, L_006C9E38; 1 drivers
v007019F8_0 .net *"_s19", 0 0, L_00702108; 1 drivers
v00701A50_0 .net *"_s21", 0 0, L_006C9F50; 1 drivers
v00701AA8_0 .net *"_s24", 0 0, L_007021B8; 1 drivers
v00701B00_0 .net *"_s4", 0 0, L_00701EC8; 1 drivers
v00701B58_0 .net *"_s6", 0 0, L_006C9E70; 1 drivers
v00701BB0_0 .net *"_s9", 0 0, L_00701F78; 1 drivers
v00701C08_0 .net "clock", 0 0, v00701840_0; 1 drivers
v00701C60_0 .var "clr", 0 0;
v00701CB8_0 .var "data", 4 0;
v00701D10_0 .var "ld", 0 0;
RS_006DC304/0/0 .resolv tri, L_00701E70, L_00701F20, L_00702000, L_007020B0;
RS_006DC304/0/4 .resolv tri, L_00702160, C4<zzzzz>, C4<zzzzz>, C4<zzzzz>;
RS_006DC304 .resolv tri, RS_006DC304/0/0, RS_006DC304/0/4, C4<zzzzz>, C4<zzzzz>;
v00701D68_0 .net8 "preset", 4 0, RS_006DC304; 5 drivers
RS_006DC31C/0/0 .resolv tri, L_00702210, L_00702370, L_007024D0, L_00702630;
RS_006DC31C/0/4 .resolv tri, L_00702790, C4<zzzzz>, C4<zzzzz>, C4<zzzzz>;
RS_006DC31C .resolv tri, RS_006DC31C/0/0, RS_006DC31C/0/4, C4<zzzzz>, C4<zzzzz>;
v00701DC0_0 .net8 "s", 4 0, RS_006DC31C; 5 drivers
RS_006DC334/0/0 .resolv tri, L_00702268, L_007023C8, L_00702528, L_00702688;
RS_006DC334/0/4 .resolv tri, L_007027E8, C4<zzzzz>, C4<zzzzz>, C4<zzzzz>;
RS_006DC334 .resolv tri, RS_006DC334/0/0, RS_006DC334/0/4, C4<zzzzz>, C4<zzzzz>;
v00701E18_0 .net8 "snot", 4 0, RS_006DC334; 5 drivers
L_00701E70 .part/pv L_006C9D20, 0, 1, 5;
L_00701EC8 .part v00701CB8_0, 0, 1;
L_00701F20 .part/pv L_006C9E70, 1, 1, 5;
L_00701F78 .part v00701CB8_0, 1, 1;
L_00702000 .part/pv L_006C9F88, 2, 1, 5;
L_00702058 .part v00701CB8_0, 2, 1;
L_007020B0 .part/pv L_006C9E38, 3, 1, 5;
L_00702108 .part v00701CB8_0, 3, 1;
L_00702160 .part/pv L_006C9F50, 4, 1, 5;
L_007021B8 .part v00701CB8_0, 4, 1;
L_00702210 .part/pv v00701790_0, 0, 1, 5;
L_00702268 .part/pv v007017E8_0, 0, 1, 5;
L_007022C0 .part RS_006DC31C, 1, 1;
L_00702318 .part RS_006DC304, 0, 1;
L_00702370 .part/pv v00701580_0, 1, 1, 5;
L_007023C8 .part/pv v007015D8_0, 1, 1, 5;
L_00702420 .part RS_006DC31C, 2, 1;
L_00702478 .part RS_006DC304, 1, 1;
L_007024D0 .part/pv v00701370_0, 2, 1, 5;
L_00702528 .part/pv v007013C8_0, 2, 1, 5;
L_00702580 .part RS_006DC31C, 3, 1;
L_007025D8 .part RS_006DC304, 2, 1;
L_00702630 .part/pv v00701160_0, 3, 1, 5;
L_00702688 .part/pv v007011B8_0, 3, 1, 5;
L_007026E0 .part RS_006DC31C, 4, 1;
L_00702738 .part RS_006DC304, 3, 1;
L_00702790 .part/pv v0086CC88_0, 4, 1, 5;
L_007027E8 .part/pv v0086C9E0_0, 4, 1, 5;
L_00702840 .part RS_006DC304, 4, 1;
S_0086A578 .scope module, "clk" "clock" 2 12, 3 1, S_0086A8A8;
 .timescale 0 0;
v00701840_0 .var "clk", 0 0;
S_0086A600 .scope module, "d1" "dff" 2 24, 4 1, S_0086A8A8;
 .timescale 0 0;
v00701630_0 .alias "clk", 0 0, v00701C08_0;
v00701688_0 .net "clr", 0 0, v00701C60_0; 1 drivers
v007016E0_0 .net "d", 0 0, L_007022C0; 1 drivers
v00701738_0 .net "preset", 0 0, L_00702318; 1 drivers
v00701790_0 .var "q", 0 0;
v007017E8_0 .var "qnot", 0 0;
S_0086A688 .scope module, "d2" "dff" 2 25, 4 1, S_0086A8A8;
 .timescale 0 0;
v00701420_0 .alias "clk", 0 0, v00701C08_0;
v00701478_0 .alias "clr", 0 0, v00701688_0;
v007014D0_0 .net "d", 0 0, L_00702420; 1 drivers
v00701528_0 .net "preset", 0 0, L_00702478; 1 drivers
v00701580_0 .var "q", 0 0;
v007015D8_0 .var "qnot", 0 0;
S_0086A710 .scope module, "d3" "dff" 2 26, 4 1, S_0086A8A8;
 .timescale 0 0;
v00701210_0 .alias "clk", 0 0, v00701C08_0;
v00701268_0 .alias "clr", 0 0, v00701688_0;
v007012C0_0 .net "d", 0 0, L_00702580; 1 drivers
v00701318_0 .net "preset", 0 0, L_007025D8; 1 drivers
v00701370_0 .var "q", 0 0;
v007013C8_0 .var "qnot", 0 0;
S_0086A798 .scope module, "d4" "dff" 2 27, 4 1, S_0086A8A8;
 .timescale 0 0;
v00701000_0 .alias "clk", 0 0, v00701C08_0;
v00701058_0 .alias "clr", 0 0, v00701688_0;
v007010B0_0 .net "d", 0 0, L_007026E0; 1 drivers
v00701108_0 .net "preset", 0 0, L_00702738; 1 drivers
v00701160_0 .var "q", 0 0;
v007011B8_0 .var "qnot", 0 0;
S_0086A820 .scope module, "d5" "dff" 2 28, 4 1, S_0086A8A8;
 .timescale 0 0;
v006DBEE0_0 .alias "clk", 0 0, v00701C08_0;
v006DB410_0 .alias "clr", 0 0, v00701688_0;
v006DB468_0 .net "d", 0 0, C4<0>; 1 drivers
v0086CC30_0 .net "preset", 0 0, L_00702840; 1 drivers
v0086CC88_0 .var "q", 0 0;
v0086C9E0_0 .var "qnot", 0 0;
E_006DAD08 .event posedge, v006DBEE0_0;
    .scope S_0086A578;
T_0 ;
    %set/v v00701840_0, 0, 1;
    %end;
    .thread T_0;
    .scope S_0086A578;
T_1 ;
    %delay 12, 0;
    %load/v 8, v00701840_0, 1;
    %inv 8, 1;
    %set/v v00701840_0, 8, 1;
    %jmp T_1;
    .thread T_1;
    .scope S_0086A600;
T_2 ;
    %wait E_006DAD08;
    %load/v 8, v00701688_0, 1;
    %mov 9, 0, 2;
    %cmpi/u 8, 1, 3;
    %mov 8, 4, 1;
    %load/v 9, v00701688_0, 1;
    %mov 10, 0, 1;
    %cmpi/u 9, 0, 2;
    %mov 9, 4, 1;
    %load/v 10, v00701738_0, 1;
    %mov 11, 0, 1;
    %cmpi/u 10, 0, 2;
    %mov 10, 4, 1;
    %and 9, 10, 1;
    %or 8, 9, 1;
    %jmp/0xz  T_2.0, 8;
    %ix/load 0, 1, 0;
    %assign/v0 v00701790_0, 0, 0;
    %ix/load 0, 1, 0;
    %assign/v0 v007017E8_0, 0, 1;
    %jmp T_2.1;
T_2.0 ;
    %load/v 8, v00701738_0, 1;
    %mov 9, 0, 2;
    %cmpi/u 8, 1, 3;
    %jmp/0xz  T_2.2, 4;
    %ix/load 0, 1, 0;
    %assign/v0 v00701790_0, 0, 1;
    %ix/load 0, 1, 0;
    %assign/v0 v007017E8_0, 0, 0;
    %jmp T_2.3;
T_2.2 ;
    %load/v 8, v007016E0_0, 1;
    %ix/load 0, 1, 0;
    %assign/v0 v00701790_0, 0, 8;
    %load/v 8, v007016E0_0, 1;
    %inv 8, 1;
    %ix/load 0, 1, 0;
    %assign/v0 v007017E8_0, 0, 8;
T_2.3 ;
T_2.1 ;
    %jmp T_2;
    .thread T_2;
    .scope S_0086A688;
T_3 ;
    %wait E_006DAD08;
    %load/v 8, v00701478_0, 1;
    %mov 9, 0, 2;
    %cmpi/u 8, 1, 3;
    %mov 8, 4, 1;
    %load/v 9, v00701478_0, 1;
    %mov 10, 0, 1;
    %cmpi/u 9, 0, 2;
    %mov 9, 4, 1;
    %load/v 10, v00701528_0, 1;
    %mov 11, 0, 1;
    %cmpi/u 10, 0, 2;
    %mov 10, 4, 1;
    %and 9, 10, 1;
    %or 8, 9, 1;
    %jmp/0xz  T_3.0, 8;
    %ix/load 0, 1, 0;
    %assign/v0 v00701580_0, 0, 0;
    %ix/load 0, 1, 0;
    %assign/v0 v007015D8_0, 0, 1;
    %jmp T_3.1;
T_3.0 ;
    %load/v 8, v00701528_0, 1;
    %mov 9, 0, 2;
    %cmpi/u 8, 1, 3;
    %jmp/0xz  T_3.2, 4;
    %ix/load 0, 1, 0;
    %assign/v0 v00701580_0, 0, 1;
    %ix/load 0, 1, 0;
    %assign/v0 v007015D8_0, 0, 0;
    %jmp T_3.3;
T_3.2 ;
    %load/v 8, v007014D0_0, 1;
    %ix/load 0, 1, 0;
    %assign/v0 v00701580_0, 0, 8;
    %load/v 8, v007014D0_0, 1;
    %inv 8, 1;
    %ix/load 0, 1, 0;
    %assign/v0 v007015D8_0, 0, 8;
T_3.3 ;
T_3.1 ;
    %jmp T_3;
    .thread T_3;
    .scope S_0086A710;
T_4 ;
    %wait E_006DAD08;
    %load/v 8, v00701268_0, 1;
    %mov 9, 0, 2;
    %cmpi/u 8, 1, 3;
    %mov 8, 4, 1;
    %load/v 9, v00701268_0, 1;
    %mov 10, 0, 1;
    %cmpi/u 9, 0, 2;
    %mov 9, 4, 1;
    %load/v 10, v00701318_0, 1;
    %mov 11, 0, 1;
    %cmpi/u 10, 0, 2;
    %mov 10, 4, 1;
    %and 9, 10, 1;
    %or 8, 9, 1;
    %jmp/0xz  T_4.0, 8;
    %ix/load 0, 1, 0;
    %assign/v0 v00701370_0, 0, 0;
    %ix/load 0, 1, 0;
    %assign/v0 v007013C8_0, 0, 1;
    %jmp T_4.1;
T_4.0 ;
    %load/v 8, v00701318_0, 1;
    %mov 9, 0, 2;
    %cmpi/u 8, 1, 3;
    %jmp/0xz  T_4.2, 4;
    %ix/load 0, 1, 0;
    %assign/v0 v00701370_0, 0, 1;
    %ix/load 0, 1, 0;
    %assign/v0 v007013C8_0, 0, 0;
    %jmp T_4.3;
T_4.2 ;
    %load/v 8, v007012C0_0, 1;
    %ix/load 0, 1, 0;
    %assign/v0 v00701370_0, 0, 8;
    %load/v 8, v007012C0_0, 1;
    %inv 8, 1;
    %ix/load 0, 1, 0;
    %assign/v0 v007013C8_0, 0, 8;
T_4.3 ;
T_4.1 ;
    %jmp T_4;
    .thread T_4;
    .scope S_0086A798;
T_5 ;
    %wait E_006DAD08;
    %load/v 8, v00701058_0, 1;
    %mov 9, 0, 2;
    %cmpi/u 8, 1, 3;
    %mov 8, 4, 1;
    %load/v 9, v00701058_0, 1;
    %mov 10, 0, 1;
    %cmpi/u 9, 0, 2;
    %mov 9, 4, 1;
    %load/v 10, v00701108_0, 1;
    %mov 11, 0, 1;
    %cmpi/u 10, 0, 2;
    %mov 10, 4, 1;
    %and 9, 10, 1;
    %or 8, 9, 1;
    %jmp/0xz  T_5.0, 8;
    %ix/load 0, 1, 0;
    %assign/v0 v00701160_0, 0, 0;
    %ix/load 0, 1, 0;
    %assign/v0 v007011B8_0, 0, 1;
    %jmp T_5.1;
T_5.0 ;
    %load/v 8, v00701108_0, 1;
    %mov 9, 0, 2;
    %cmpi/u 8, 1, 3;
    %jmp/0xz  T_5.2, 4;
    %ix/load 0, 1, 0;
    %assign/v0 v00701160_0, 0, 1;
    %ix/load 0, 1, 0;
    %assign/v0 v007011B8_0, 0, 0;
    %jmp T_5.3;
T_5.2 ;
    %load/v 8, v007010B0_0, 1;
    %ix/load 0, 1, 0;
    %assign/v0 v00701160_0, 0, 8;
    %load/v 8, v007010B0_0, 1;
    %inv 8, 1;
    %ix/load 0, 1, 0;
    %assign/v0 v007011B8_0, 0, 8;
T_5.3 ;
T_5.1 ;
    %jmp T_5;
    .thread T_5;
    .scope S_0086A820;
T_6 ;
    %wait E_006DAD08;
    %load/v 8, v006DB410_0, 1;
    %mov 9, 0, 2;
    %cmpi/u 8, 1, 3;
    %mov 8, 4, 1;
    %load/v 9, v006DB410_0, 1;
    %mov 10, 0, 1;
    %cmpi/u 9, 0, 2;
    %mov 9, 4, 1;
    %load/v 10, v0086CC30_0, 1;
    %mov 11, 0, 1;
    %cmpi/u 10, 0, 2;
    %mov 10, 4, 1;
    %and 9, 10, 1;
    %or 8, 9, 1;
    %jmp/0xz  T_6.0, 8;
    %ix/load 0, 1, 0;
    %assign/v0 v0086CC88_0, 0, 0;
    %ix/load 0, 1, 0;
    %assign/v0 v0086C9E0_0, 0, 1;
    %jmp T_6.1;
T_6.0 ;
    %load/v 8, v0086CC30_0, 1;
    %mov 9, 0, 2;
    %cmpi/u 8, 1, 3;
    %jmp/0xz  T_6.2, 4;
    %ix/load 0, 1, 0;
    %assign/v0 v0086CC88_0, 0, 1;
    %ix/load 0, 1, 0;
    %assign/v0 v0086C9E0_0, 0, 0;
    %jmp T_6.3;
T_6.2 ;
    %load/v 8, v006DB468_0, 1;
    %ix/load 0, 1, 0;
    %assign/v0 v0086CC88_0, 0, 8;
    %load/v 8, v006DB468_0, 1;
    %inv 8, 1;
    %ix/load 0, 1, 0;
    %assign/v0 v0086C9E0_0, 0, 8;
T_6.3 ;
T_6.1 ;
    %jmp T_6;
    .thread T_6;
    .scope S_0086A8A8;
T_7 ;
    %vpi_call 2 32 "$dumpfile", "Exercicio05.vcd";
    %vpi_call 2 33 "$dumpvars";
    %set/v v00701C60_0, 0, 1;
    %set/v v00701D10_0, 1, 1;
    %movi 8, 25, 5;
    %set/v v00701CB8_0, 8, 5;
    %delay 13, 0;
    %delay 10, 0;
    %set/v v00701D10_0, 1, 1;
    %delay 14, 0;
    %vpi_call 2 38 "$monitor", "%b,--> %b", v00701CB8_0, v00701DC0_0;
    %delay 1, 0;
    %set/v v00701D10_0, 0, 1;
    %delay 896, 0;
    %vpi_call 2 41 "$finish";
    %end;
    .thread T_7;
# The file index is used to find the file name in the following table.
:file_names 5;
    "N/A";
    "<interactive>";
    "Exercicio05.v";
    "./Clock.v";
    "./FlipFlopD.v";
